
Lmod is automatically replacing "GNU/6.4.0-2.28" with "GCC/6.4.0-2.28".


Lmod is automatically replacing "GNU/6.4.0-2.28" with "GCC/6.4.0-2.28".


Inactive Modules:
  1) FFTW/3.3.7     2) Python/3.6.4     3) imkl/2018.1.163

Due to MODULEPATH changes, the following have been reloaded:
  1) ScaLAPACK/2.0.2-OpenBLAS-0.2.20

The following have been reloaded with a version change:
  1) OpenMPI/2.1.2 => OpenMPI/2.1.1


Activating Modules:
  1) FFTW/3.3.6

[M::bwa_idx_load_from_disk] read 0 ALT contigs
[M::process] read 400000 sequences (80000000 bp)...
[M::process] read 400000 sequences (80000000 bp)...
[M::mem_pestat] # candidate unique pairs for (FF, FR, RF, RR): (0, 183654, 0, 0)
[M::mem_pestat] skip orientation FF as there are not enough pairs
[M::mem_pestat] analyzing insert size distribution for orientation FR...
[M::mem_pestat] (25, 50, 75) percentile: (599, 599, 599)
[M::mem_pestat] low and high boundaries for computing mean and std.dev: (599, 599)
[M::mem_pestat] mean and std.dev: (599.00, 0.00)
[M::mem_pestat] low and high boundaries for proper pairs: (599, 599)
[M::mem_pestat] skip orientation RF as there are not enough pairs
[M::mem_pestat] skip orientation RR as there are not enough pairs
[M::mem_process_seqs] Processed 400000 reads in 118.211 CPU sec, 16.707 real sec
[M::mem_pestat] # candidate unique pairs for (FF, FR, RF, RR): (0, 182032, 0, 0)
[M::mem_pestat] skip orientation FF as there are not enough pairs
[M::mem_pestat] analyzing insert size distribution for orientation FR...
[M::mem_pestat] (25, 50, 75) percentile: (599, 599, 599)
[M::mem_pestat] low and high boundaries for computing mean and std.dev: (599, 599)
[M::mem_pestat] mean and std.dev: (599.00, 0.00)
[M::mem_pestat] low and high boundaries for proper pairs: (599, 599)
[M::mem_pestat] skip orientation RF as there are not enough pairs
[M::mem_pestat] skip orientation RR as there are not enough pairs
[M::process] read 400000 sequences (80000000 bp)...
[M::mem_process_seqs] Processed 400000 reads in 115.617 CPU sec, 17.156 real sec
[M::mem_pestat] # candidate unique pairs for (FF, FR, RF, RR): (0, 185301, 0, 0)
[M::mem_pestat] skip orientation FF as there are not enough pairs
[M::mem_pestat] analyzing insert size distribution for orientation FR...
[M::mem_pestat] (25, 50, 75) percentile: (599, 599, 599)
[M::mem_pestat] low and high boundaries for computing mean and std.dev: (599, 599)
[M::mem_pestat] mean and std.dev: (599.00, 0.00)
[M::mem_pestat] low and high boundaries for proper pairs: (599, 599)
[M::mem_pestat] skip orientation RF as there are not enough pairs
[M::mem_pestat] skip orientation RR as there are not enough pairs
[M::process] read 400000 sequences (80000000 bp)...
[M::mem_process_seqs] Processed 400000 reads in 108.783 CPU sec, 15.657 real sec
[M::mem_pestat] # candidate unique pairs for (FF, FR, RF, RR): (0, 187368, 0, 0)
[M::mem_pestat] skip orientation FF as there are not enough pairs
[M::mem_pestat] analyzing insert size distribution for orientation FR...
[M::mem_pestat] (25, 50, 75) percentile: (599, 599, 599)
[M::mem_pestat] low and high boundaries for computing mean and std.dev: (599, 599)
[M::mem_pestat] mean and std.dev: (599.00, 0.00)
[M::mem_pestat] low and high boundaries for proper pairs: (599, 599)
[M::mem_pestat] skip orientation RF as there are not enough pairs
[M::mem_pestat] skip orientation RR as there are not enough pairs
[M::mem_process_seqs] Processed 400000 reads in 102.061 CPU sec, 14.642 real sec
[M::process] read 400000 sequences (80000000 bp)...
[M::mem_pestat] # candidate unique pairs for (FF, FR, RF, RR): (0, 182913, 0, 0)
[M::mem_pestat] skip orientation FF as there are not enough pairs
[M::mem_pestat] analyzing insert size distribution for orientation FR...
[M::mem_pestat] (25, 50, 75) percentile: (599, 599, 599)
[M::mem_pestat] low and high boundaries for computing mean and std.dev: (599, 599)
[M::mem_pestat] mean and std.dev: (599.00, 0.00)
[M::mem_pestat] low and high boundaries for proper pairs: (599, 599)
[M::mem_pestat] skip orientation RF as there are not enough pairs
[M::mem_pestat] skip orientation RR as there are not enough pairs
[M::process] read 400000 sequences (80000000 bp)...
[M::mem_process_seqs] Processed 400000 reads in 111.636 CPU sec, 16.204 real sec
[M::mem_pestat] # candidate unique pairs for (FF, FR, RF, RR): (0, 179975, 0, 0)
[M::mem_pestat] skip orientation FF as there are not enough pairs
[M::mem_pestat] analyzing insert size distribution for orientation FR...
[M::mem_pestat] (25, 50, 75) percentile: (599, 599, 599)
[M::mem_pestat] low and high boundaries for computing mean and std.dev: (599, 599)
[M::mem_pestat] mean and std.dev: (599.00, 0.00)
[M::mem_pestat] low and high boundaries for proper pairs: (599, 599)
[M::mem_pestat] skip orientation RF as there are not enough pairs
[M::mem_pestat] skip orientation RR as there are not enough pairs
[M::mem_process_seqs] Processed 400000 reads in 110.993 CPU sec, 16.296 real sec
[M::process] read 400000 sequences (80000000 bp)...
[M::mem_pestat] # candidate unique pairs for (FF, FR, RF, RR): (0, 179545, 0, 0)
[M::mem_pestat] skip orientation FF as there are not enough pairs
[M::mem_pestat] analyzing insert size distribution for orientation FR...
[M::mem_pestat] (25, 50, 75) percentile: (599, 599, 599)
[M::mem_pestat] low and high boundaries for computing mean and std.dev: (599, 599)
[M::mem_pestat] mean and std.dev: (599.00, 0.00)
[M::mem_pestat] low and high boundaries for proper pairs: (599, 599)
[M::mem_pestat] skip orientation RF as there are not enough pairs
[M::mem_pestat] skip orientation RR as there are not enough pairs
[M::mem_process_seqs] Processed 400000 reads in 109.908 CPU sec, 15.823 real sec
[M::process] read 400000 sequences (80000000 bp)...
[M::process] read 142874 sequences (28574800 bp)...
[M::mem_pestat] # candidate unique pairs for (FF, FR, RF, RR): (0, 176899, 0, 0)
[M::mem_pestat] skip orientation FF as there are not enough pairs
[M::mem_pestat] analyzing insert size distribution for orientation FR...
[M::mem_pestat] (25, 50, 75) percentile: (599, 599, 599)
[M::mem_pestat] low and high boundaries for computing mean and std.dev: (599, 599)
[M::mem_pestat] mean and std.dev: (599.00, 0.00)
[M::mem_pestat] low and high boundaries for proper pairs: (599, 599)
[M::mem_pestat] skip orientation RF as there are not enough pairs
[M::mem_pestat] skip orientation RR as there are not enough pairs
[M::mem_process_seqs] Processed 400000 reads in 114.705 CPU sec, 15.919 real sec
[M::mem_pestat] # candidate unique pairs for (FF, FR, RF, RR): (0, 63300, 0, 0)
[M::mem_pestat] skip orientation FF as there are not enough pairs
[M::mem_pestat] analyzing insert size distribution for orientation FR...
[M::mem_pestat] (25, 50, 75) percentile: (599, 599, 599)
[M::mem_pestat] low and high boundaries for computing mean and std.dev: (599, 599)
[M::mem_pestat] mean and std.dev: (599.00, 0.00)
[M::mem_pestat] low and high boundaries for proper pairs: (599, 599)
[M::mem_pestat] skip orientation RF as there are not enough pairs
[M::mem_pestat] skip orientation RR as there are not enough pairs
[M::mem_process_seqs] Processed 142874 reads in 40.879 CPU sec, 6.029 real sec
[main] Version: 0.7.17-r1188
[main] CMD: /opt/software/BWA/0.7.17-foss-2017b/bin/bwa mem -t 8 ../Caenorhabditis_elegans.WBcel235.dna.toplevel.fa.gz ../DataSet01_Celegans_Paired200Id200Pexp100Cov10E1N0GenomicControl_1.fq.gz ../DataSet01_Celegans_Paired200Id200Pexp100Cov10E1N0GenomicControl_2.fq.gz
[main] Real time: 153.421 sec; CPU: 939.460 sec

real	2m34.632s
user	0m8.770s
sys	0m16.296s
JobId=9123195 JobName=ParAssem8
   UserId=stewa668(857038) GroupId=chemistry(2001) MCS_label=N/A
   Priority=523636 Nice=0 Account=general QOS=normal
   JobState=RUNNING Reason=None Dependency=(null)
   Requeue=0 Restarts=0 BatchFlag=1 Reboot=0 ExitCode=0:0
   RunTime=00:02:43 TimeLimit=00:20:00 TimeMin=N/A
   SubmitTime=2019-02-08T00:27:14 EligibleTime=2019-02-08T00:27:14
   AccrueTime=2019-02-08T00:27:14
   StartTime=2019-02-08T00:27:14 EndTime=2019-02-08T00:47:14 Deadline=N/A
   PreemptTime=None SuspendTime=None SecsPreSuspend=0
   LastSchedEval=2019-02-08T00:27:14
   Partition=general-long AllocNode:Sid=dev-intel18:25038
   ReqNodeList=(null) ExcNodeList=(null)
   NodeList=csn-001
   BatchHost=csn-001
   NumNodes=1 NumCPUs=8 NumTasks=1 CPUs/Task=8 ReqB:S:C:T=0:0:*:*
   TRES=cpu=8,mem=8G,node=1,billing=1245
   Socks/Node=* NtasksPerN:B:S:C=0:0:*:* CoreSpec=*
   MinCPUsNode=8 MinMemoryNode=8G MinTmpDiskNode=0
   Features=[intel14|intel16|intel18] DelayBoot=00:00:00
   OverSubscribe=OK Contiguous=0 Licenses=(null) Network=(null)
   Command=/mnt/home/stewa668/cmse401-s19/HW3_Example/runBwaAln_slurm_giab_noRg.sb
   WorkDir=/mnt/home/stewa668/cmse401-s19/HW3_Example
   Comment=stdout=/mnt/home/stewa668/cmse401-s19/HW3_Example/%x.out 
   StdErr=/mnt/home/stewa668/cmse401-s19/HW3_Example/ParAssem8.out
   StdIn=/dev/null
   StdOut=/mnt/home/stewa668/cmse401-s19/HW3_Example/ParAssem8.out
   Power=

   CPUTime     MaxRSS              Submit               Start                 End 
---------- ---------- ------------------- ------------------- ------------------- 
  00:07:14            2019-02-08T00:26:18 2019-02-08T00:26:19             Unknown 
  00:07:14            2019-02-08T00:26:19 2019-02-08T00:26:19             Unknown 
  00:07:00            2019-02-08T00:26:26 2019-02-08T00:26:26             Unknown 
  00:12:48            2019-02-08T00:26:44 2019-02-08T00:26:44             Unknown 
  00:12:48            2019-02-08T00:26:44 2019-02-08T00:26:44             Unknown 
  00:12:12            2019-02-08T00:26:53 2019-02-08T00:26:53             Unknown 
  00:21:36            2019-02-08T00:27:14 2019-02-08T00:27:14             Unknown 
  00:21:36            2019-02-08T00:27:14 2019-02-08T00:27:14             Unknown 
  00:20:32   1108416K 2019-02-08T00:27:22 2019-02-08T00:27:22 2019-02-08T00:29:56 
  00:13:18            2019-02-08T00:27:43 2019-02-08T00:27:43             Unknown 
  00:13:18            2019-02-08T00:27:43 2019-02-08T00:27:43             Unknown 
  00:12:18            2019-02-08T00:27:53 2019-02-08T00:27:53             Unknown 
  00:22:24            2019-02-08T00:28:04 2019-02-08T00:28:04             Unknown 
  00:22:24            2019-02-08T00:28:04 2019-02-08T00:28:04             Unknown 
  00:20:24            2019-02-08T00:28:14 2019-02-08T00:28:14             Unknown 
  00:22:24            2019-02-08T00:28:32 2019-02-08T00:28:32             Unknown 
  00:22:24            2019-02-08T00:28:32 2019-02-08T00:28:32             Unknown 
  00:19:12            2019-02-08T00:28:44 2019-02-08T00:28:44             Unknown 
