
Lmod is automatically replacing "GNU/6.4.0-2.28" with "GCC/6.4.0-2.28".


Lmod is automatically replacing "GNU/6.4.0-2.28" with "GCC/6.4.0-2.28".


Inactive Modules:
  1) FFTW/3.3.7     2) Python/3.6.4     3) imkl/2018.1.163

Due to MODULEPATH changes, the following have been reloaded:
  1) ScaLAPACK/2.0.2-OpenBLAS-0.2.20

The following have been reloaded with a version change:
  1) OpenMPI/2.1.2 => OpenMPI/2.1.1


Activating Modules:
  1) FFTW/3.3.6

[M::bwa_idx_load_from_disk] read 0 ALT contigs
[M::process] read 600000 sequences (120000000 bp)...
[M::process] read 600000 sequences (120000000 bp)...
[M::mem_pestat] # candidate unique pairs for (FF, FR, RF, RR): (0, 274822, 0, 0)
[M::mem_pestat] skip orientation FF as there are not enough pairs
[M::mem_pestat] analyzing insert size distribution for orientation FR...
[M::mem_pestat] (25, 50, 75) percentile: (599, 599, 599)
[M::mem_pestat] low and high boundaries for computing mean and std.dev: (599, 599)
[M::mem_pestat] mean and std.dev: (599.00, 0.00)
[M::mem_pestat] low and high boundaries for proper pairs: (599, 599)
[M::mem_pestat] skip orientation RF as there are not enough pairs
[M::mem_pestat] skip orientation RR as there are not enough pairs
[M::mem_process_seqs] Processed 600000 reads in 176.456 CPU sec, 17.487 real sec
[M::mem_pestat] # candidate unique pairs for (FF, FR, RF, RR): (0, 276165, 0, 0)
[M::mem_pestat] skip orientation FF as there are not enough pairs
[M::mem_pestat] analyzing insert size distribution for orientation FR...
[M::mem_pestat] (25, 50, 75) percentile: (599, 599, 599)
[M::mem_pestat] low and high boundaries for computing mean and std.dev: (599, 599)
[M::mem_pestat] mean and std.dev: (599.00, 0.00)
[M::mem_pestat] low and high boundaries for proper pairs: (599, 599)
[M::mem_pestat] skip orientation RF as there are not enough pairs
[M::mem_pestat] skip orientation RR as there are not enough pairs
[M::mem_process_seqs] Processed 600000 reads in 162.805 CPU sec, 15.309 real sec
[M::process] read 600000 sequences (120000000 bp)...
[M::mem_pestat] # candidate unique pairs for (FF, FR, RF, RR): (0, 278772, 0, 0)
[M::mem_pestat] skip orientation FF as there are not enough pairs
[M::mem_pestat] analyzing insert size distribution for orientation FR...
[M::mem_pestat] (25, 50, 75) percentile: (599, 599, 599)
[M::mem_pestat] low and high boundaries for computing mean and std.dev: (599, 599)
[M::mem_pestat] mean and std.dev: (599.00, 0.00)
[M::mem_pestat] low and high boundaries for proper pairs: (599, 599)
[M::mem_pestat] skip orientation RF as there are not enough pairs
[M::mem_pestat] skip orientation RR as there are not enough pairs
[M::mem_process_seqs] Processed 600000 reads in 155.105 CPU sec, 14.176 real sec
[M::process] read 600000 sequences (120000000 bp)...
[M::mem_pestat] # candidate unique pairs for (FF, FR, RF, RR): (0, 271484, 0, 0)
[M::mem_pestat] skip orientation FF as there are not enough pairs
[M::mem_pestat] analyzing insert size distribution for orientation FR...
[M::mem_pestat] (25, 50, 75) percentile: (599, 599, 599)
[M::mem_pestat] low and high boundaries for computing mean and std.dev: (599, 599)
[M::mem_pestat] mean and std.dev: (599.00, 0.00)
[M::mem_pestat] low and high boundaries for proper pairs: (599, 599)
[M::mem_pestat] skip orientation RF as there are not enough pairs
[M::mem_pestat] skip orientation RR as there are not enough pairs
[M::mem_process_seqs] Processed 600000 reads in 163.411 CPU sec, 15.016 real sec
[M::process] read 600000 sequences (120000000 bp)...
[M::mem_pestat] # candidate unique pairs for (FF, FR, RF, RR): (0, 267885, 0, 0)
[M::mem_pestat] skip orientation FF as there are not enough pairs
[M::mem_pestat] analyzing insert size distribution for orientation FR...
[M::mem_pestat] (25, 50, 75) percentile: (599, 599, 599)
[M::mem_pestat] low and high boundaries for computing mean and std.dev: (599, 599)
[M::mem_pestat] mean and std.dev: (599.00, 0.00)
[M::mem_pestat] low and high boundaries for proper pairs: (599, 599)
[M::mem_pestat] skip orientation RF as there are not enough pairs
[M::mem_pestat] skip orientation RR as there are not enough pairs
[M::mem_process_seqs] Processed 600000 reads in 165.401 CPU sec, 14.939 real sec
[M::process] read 342874 sequences (68574800 bp)...
[M::mem_pestat] # candidate unique pairs for (FF, FR, RF, RR): (0, 151859, 0, 0)
[M::mem_pestat] skip orientation FF as there are not enough pairs
[M::mem_pestat] analyzing insert size distribution for orientation FR...
[M::mem_pestat] (25, 50, 75) percentile: (599, 599, 599)
[M::mem_pestat] low and high boundaries for computing mean and std.dev: (599, 599)
[M::mem_pestat] mean and std.dev: (599.00, 0.00)
[M::mem_pestat] low and high boundaries for proper pairs: (599, 599)
[M::mem_pestat] skip orientation RF as there are not enough pairs
[M::mem_pestat] skip orientation RR as there are not enough pairs
[M::mem_process_seqs] Processed 342874 reads in 96.909 CPU sec, 8.884 real sec
[main] Version: 0.7.17-r1188
[main] CMD: /opt/software/BWA/0.7.17-foss-2017b/bin/bwa mem -t 12 ../Caenorhabditis_elegans.WBcel235.dna.toplevel.fa.gz ../DataSet01_Celegans_Paired200Id200Pexp100Cov10E1N0GenomicControl_1.fq.gz ../DataSet01_Celegans_Paired200Id200Pexp100Cov10E1N0GenomicControl_2.fq.gz
[main] Real time: 128.493 sec; CPU: 932.915 sec

real	2m14.690s
user	0m8.312s
sys	0m15.583s
JobId=9123256 JobName=ParAssem12
   UserId=stewa668(857038) GroupId=chemistry(2001) MCS_label=N/A
   Priority=523883 Nice=0 Account=general QOS=normal
   JobState=RUNNING Reason=None Dependency=(null)
   Requeue=0 Restarts=0 BatchFlag=1 Reboot=0 ExitCode=0:0
   RunTime=00:02:36 TimeLimit=00:20:00 TimeMin=N/A
   SubmitTime=2019-02-08T00:28:04 EligibleTime=2019-02-08T00:28:04
   AccrueTime=2019-02-08T00:28:04
   StartTime=2019-02-08T00:28:04 EndTime=2019-02-08T00:48:04 Deadline=N/A
   PreemptTime=None SuspendTime=None SecsPreSuspend=0
   LastSchedEval=2019-02-08T00:28:04
   Partition=general-long AllocNode:Sid=dev-intel18:25038
   ReqNodeList=(null) ExcNodeList=(null)
   NodeList=csn-016
   BatchHost=csn-016
   NumNodes=1 NumCPUs=12 NumTasks=1 CPUs/Task=12 ReqB:S:C:T=0:0:*:*
   TRES=cpu=12,mem=8G,node=1,billing=1245
   Socks/Node=* NtasksPerN:B:S:C=0:0:*:* CoreSpec=*
   MinCPUsNode=12 MinMemoryNode=8G MinTmpDiskNode=0
   Features=[intel14|intel16|intel18] DelayBoot=00:00:00
   OverSubscribe=OK Contiguous=0 Licenses=(null) Network=(null)
   Command=/mnt/home/stewa668/cmse401-s19/HW3_Example/runBwaAln_slurm_giab_noRg.sb
   WorkDir=/mnt/home/stewa668/cmse401-s19/HW3_Example
   Comment=stdout=/mnt/home/stewa668/cmse401-s19/HW3_Example/%x.out 
   StdErr=/mnt/home/stewa668/cmse401-s19/HW3_Example/ParAssem12.out
   StdIn=/dev/null
   StdOut=/mnt/home/stewa668/cmse401-s19/HW3_Example/ParAssem12.out
   Power=

   CPUTime     MaxRSS              Submit               Start                 End 
---------- ---------- ------------------- ------------------- ------------------- 
  00:08:40            2019-02-08T00:26:18 2019-02-08T00:26:19             Unknown 
  00:08:40            2019-02-08T00:26:19 2019-02-08T00:26:19             Unknown 
  00:08:26            2019-02-08T00:26:26 2019-02-08T00:26:26             Unknown 
  00:15:40            2019-02-08T00:26:44 2019-02-08T00:26:44             Unknown 
  00:15:40            2019-02-08T00:26:44 2019-02-08T00:26:44             Unknown 
  00:15:04            2019-02-08T00:26:53 2019-02-08T00:26:53             Unknown 
  00:22:00            2019-02-08T00:27:14 2019-02-08T00:27:14 2019-02-08T00:29:59 
  00:22:00      4508K 2019-02-08T00:27:14 2019-02-08T00:27:14 2019-02-08T00:29:59 
  00:22:16          0 2019-02-08T00:27:14 2019-02-08T00:27:14 2019-02-08T00:30:01 
  00:20:32   1108416K 2019-02-08T00:27:22 2019-02-08T00:27:22 2019-02-08T00:29:56 
  00:17:36            2019-02-08T00:27:43 2019-02-08T00:27:43             Unknown 
  00:17:36            2019-02-08T00:27:43 2019-02-08T00:27:43             Unknown 
  00:16:36            2019-02-08T00:27:53 2019-02-08T00:27:53             Unknown 
  00:31:00            2019-02-08T00:28:04 2019-02-08T00:28:04             Unknown 
  00:31:00            2019-02-08T00:28:04 2019-02-08T00:28:04             Unknown 
  00:29:00            2019-02-08T00:28:14 2019-02-08T00:28:14             Unknown 
  00:33:52            2019-02-08T00:28:32 2019-02-08T00:28:32             Unknown 
  00:33:52            2019-02-08T00:28:32 2019-02-08T00:28:32             Unknown 
  00:30:40            2019-02-08T00:28:44 2019-02-08T00:28:44             Unknown 
