
Lmod is automatically replacing "GNU/6.4.0-2.28" with "GCC/6.4.0-2.28".


Lmod is automatically replacing "GNU/6.4.0-2.28" with "GCC/6.4.0-2.28".


Inactive Modules:
  1) FFTW/3.3.7     2) Python/3.6.4     3) imkl/2018.1.163

Due to MODULEPATH changes, the following have been reloaded:
  1) ScaLAPACK/2.0.2-OpenBLAS-0.2.20

The following have been reloaded with a version change:
  1) OpenMPI/2.1.2 => OpenMPI/2.1.1


Activating Modules:
  1) FFTW/3.3.6

mkdir: cannot create directory ‘PA4’: File exists
[M::bwa_idx_load_from_disk] read 0 ALT contigs
[M::process] read 200000 sequences (40000000 bp)...
[M::process] read 200000 sequences (40000000 bp)...
[M::mem_pestat] # candidate unique pairs for (FF, FR, RF, RR): (0, 91896, 0, 0)
[M::mem_pestat] skip orientation FF as there are not enough pairs
[M::mem_pestat] analyzing insert size distribution for orientation FR...
[M::mem_pestat] (25, 50, 75) percentile: (599, 599, 599)
[M::mem_pestat] low and high boundaries for computing mean and std.dev: (599, 599)
[M::mem_pestat] mean and std.dev: (599.00, 0.00)
[M::mem_pestat] low and high boundaries for proper pairs: (599, 599)
[M::mem_pestat] skip orientation RF as there are not enough pairs
[M::mem_pestat] skip orientation RR as there are not enough pairs
[M::mem_process_seqs] Processed 200000 reads in 56.800 CPU sec, 14.440 real sec
[M::process] read 200000 sequences (40000000 bp)...
[M::mem_pestat] # candidate unique pairs for (FF, FR, RF, RR): (0, 91758, 0, 0)
[M::mem_pestat] skip orientation FF as there are not enough pairs
[M::mem_pestat] analyzing insert size distribution for orientation FR...
[M::mem_pestat] (25, 50, 75) percentile: (599, 599, 599)
[M::mem_pestat] low and high boundaries for computing mean and std.dev: (599, 599)
[M::mem_pestat] mean and std.dev: (599.00, 0.00)
[M::mem_pestat] low and high boundaries for proper pairs: (599, 599)
[M::mem_pestat] skip orientation RF as there are not enough pairs
[M::mem_pestat] skip orientation RR as there are not enough pairs
[M::mem_process_seqs] Processed 200000 reads in 57.487 CPU sec, 16.095 real sec
[M::process] read 200000 sequences (40000000 bp)...
[M::mem_pestat] # candidate unique pairs for (FF, FR, RF, RR): (0, 91168, 0, 0)
[M::mem_pestat] skip orientation FF as there are not enough pairs
[M::mem_pestat] analyzing insert size distribution for orientation FR...
[M::mem_pestat] (25, 50, 75) percentile: (599, 599, 599)
[M::mem_pestat] low and high boundaries for computing mean and std.dev: (599, 599)
[M::mem_pestat] mean and std.dev: (599.00, 0.00)
[M::mem_pestat] low and high boundaries for proper pairs: (599, 599)
[M::mem_pestat] skip orientation RF as there are not enough pairs
[M::mem_pestat] skip orientation RR as there are not enough pairs
[M::mem_process_seqs] Processed 200000 reads in 55.857 CPU sec, 15.728 real sec
[M::process] read 200000 sequences (40000000 bp)...
[M::mem_pestat] # candidate unique pairs for (FF, FR, RF, RR): (0, 90864, 0, 0)
[M::mem_pestat] skip orientation FF as there are not enough pairs
[M::mem_pestat] analyzing insert size distribution for orientation FR...
[M::mem_pestat] (25, 50, 75) percentile: (599, 599, 599)
[M::mem_pestat] low and high boundaries for computing mean and std.dev: (599, 599)
[M::mem_pestat] mean and std.dev: (599.00, 0.00)
[M::mem_pestat] low and high boundaries for proper pairs: (599, 599)
[M::mem_pestat] skip orientation RF as there are not enough pairs
[M::mem_pestat] skip orientation RR as there are not enough pairs
[M::mem_process_seqs] Processed 200000 reads in 55.118 CPU sec, 15.566 real sec
[M::process] read 200000 sequences (40000000 bp)...
[M::mem_pestat] # candidate unique pairs for (FF, FR, RF, RR): (0, 91429, 0, 0)
[M::mem_pestat] skip orientation FF as there are not enough pairs
[M::mem_pestat] analyzing insert size distribution for orientation FR...
[M::mem_pestat] (25, 50, 75) percentile: (599, 599, 599)
[M::mem_pestat] low and high boundaries for computing mean and std.dev: (599, 599)
[M::mem_pestat] mean and std.dev: (599.00, 0.00)
[M::mem_pestat] low and high boundaries for proper pairs: (599, 599)
[M::mem_pestat] skip orientation RF as there are not enough pairs
[M::mem_pestat] skip orientation RR as there are not enough pairs
[M::mem_process_seqs] Processed 200000 reads in 54.322 CPU sec, 15.379 real sec
[M::process] read 200000 sequences (40000000 bp)...
[M::mem_pestat] # candidate unique pairs for (FF, FR, RF, RR): (0, 93872, 0, 0)
[M::mem_pestat] skip orientation FF as there are not enough pairs
[M::mem_pestat] analyzing insert size distribution for orientation FR...
[M::mem_pestat] (25, 50, 75) percentile: (599, 599, 599)
[M::mem_pestat] low and high boundaries for computing mean and std.dev: (599, 599)
[M::mem_pestat] mean and std.dev: (599.00, 0.00)
[M::mem_pestat] low and high boundaries for proper pairs: (599, 599)
[M::mem_pestat] skip orientation RF as there are not enough pairs
[M::mem_pestat] skip orientation RR as there are not enough pairs
[M::mem_process_seqs] Processed 200000 reads in 49.116 CPU sec, 14.042 real sec
[M::process] read 200000 sequences (40000000 bp)...
[M::mem_pestat] # candidate unique pairs for (FF, FR, RF, RR): (0, 93935, 0, 0)
[M::mem_pestat] skip orientation FF as there are not enough pairs
[M::mem_pestat] analyzing insert size distribution for orientation FR...
[M::mem_pestat] (25, 50, 75) percentile: (599, 599, 599)
[M::mem_pestat] low and high boundaries for computing mean and std.dev: (599, 599)
[M::mem_pestat] mean and std.dev: (599.00, 0.00)
[M::mem_pestat] low and high boundaries for proper pairs: (599, 599)
[M::mem_pestat] skip orientation RF as there are not enough pairs
[M::mem_pestat] skip orientation RR as there are not enough pairs
[M::mem_process_seqs] Processed 200000 reads in 49.178 CPU sec, 14.147 real sec
[M::process] read 200000 sequences (40000000 bp)...
[M::mem_pestat] # candidate unique pairs for (FF, FR, RF, RR): (0, 93433, 0, 0)
[M::mem_pestat] skip orientation FF as there are not enough pairs
[M::mem_pestat] analyzing insert size distribution for orientation FR...
[M::mem_pestat] (25, 50, 75) percentile: (599, 599, 599)
[M::mem_pestat] low and high boundaries for computing mean and std.dev: (599, 599)
[M::mem_pestat] mean and std.dev: (599.00, 0.00)
[M::mem_pestat] low and high boundaries for proper pairs: (599, 599)
[M::mem_pestat] skip orientation RF as there are not enough pairs
[M::mem_pestat] skip orientation RR as there are not enough pairs
[M::mem_process_seqs] Processed 200000 reads in 49.973 CPU sec, 14.326 real sec
[M::process] read 200000 sequences (40000000 bp)...
[M::mem_pestat] # candidate unique pairs for (FF, FR, RF, RR): (0, 91404, 0, 0)
[M::mem_pestat] skip orientation FF as there are not enough pairs
[M::mem_pestat] analyzing insert size distribution for orientation FR...
[M::mem_pestat] (25, 50, 75) percentile: (599, 599, 599)
[M::mem_pestat] low and high boundaries for computing mean and std.dev: (599, 599)
[M::mem_pestat] mean and std.dev: (599.00, 0.00)
[M::mem_pestat] low and high boundaries for proper pairs: (599, 599)
[M::mem_pestat] skip orientation RF as there are not enough pairs
[M::mem_pestat] skip orientation RR as there are not enough pairs
[M::mem_process_seqs] Processed 200000 reads in 53.023 CPU sec, 15.043 real sec
[M::process] read 200000 sequences (40000000 bp)...
[M::mem_pestat] # candidate unique pairs for (FF, FR, RF, RR): (0, 91509, 0, 0)
[M::mem_pestat] skip orientation FF as there are not enough pairs
[M::mem_pestat] analyzing insert size distribution for orientation FR...
[M::mem_pestat] (25, 50, 75) percentile: (599, 599, 599)
[M::mem_pestat] low and high boundaries for computing mean and std.dev: (599, 599)
[M::mem_pestat] mean and std.dev: (599.00, 0.00)
[M::mem_pestat] low and high boundaries for proper pairs: (599, 599)
[M::mem_pestat] skip orientation RF as there are not enough pairs
[M::mem_pestat] skip orientation RR as there are not enough pairs
[M::mem_process_seqs] Processed 200000 reads in 52.947 CPU sec, 15.049 real sec
[M::process] read 200000 sequences (40000000 bp)...
[M::mem_pestat] # candidate unique pairs for (FF, FR, RF, RR): (0, 90254, 0, 0)
[M::mem_pestat] skip orientation FF as there are not enough pairs
[M::mem_pestat] analyzing insert size distribution for orientation FR...
[M::mem_pestat] (25, 50, 75) percentile: (599, 599, 599)
[M::mem_pestat] low and high boundaries for computing mean and std.dev: (599, 599)
[M::mem_pestat] mean and std.dev: (599.00, 0.00)
[M::mem_pestat] low and high boundaries for proper pairs: (599, 599)
[M::mem_pestat] skip orientation RF as there are not enough pairs
[M::mem_pestat] skip orientation RR as there are not enough pairs
[M::mem_process_seqs] Processed 200000 reads in 53.484 CPU sec, 15.342 real sec
[M::process] read 200000 sequences (40000000 bp)...
[M::mem_pestat] # candidate unique pairs for (FF, FR, RF, RR): (0, 89721, 0, 0)
[M::mem_pestat] skip orientation FF as there are not enough pairs
[M::mem_pestat] analyzing insert size distribution for orientation FR...
[M::mem_pestat] (25, 50, 75) percentile: (599, 599, 599)
[M::mem_pestat] low and high boundaries for computing mean and std.dev: (599, 599)
[M::mem_pestat] mean and std.dev: (599.00, 0.00)
[M::mem_pestat] low and high boundaries for proper pairs: (599, 599)
[M::mem_pestat] skip orientation RF as there are not enough pairs
[M::mem_pestat] skip orientation RR as there are not enough pairs
[M::mem_process_seqs] Processed 200000 reads in 53.391 CPU sec, 15.112 real sec
[M::process] read 200000 sequences (40000000 bp)...
[M::mem_pestat] # candidate unique pairs for (FF, FR, RF, RR): (0, 89847, 0, 0)
[M::mem_pestat] skip orientation FF as there are not enough pairs
[M::mem_pestat] analyzing insert size distribution for orientation FR...
[M::mem_pestat] (25, 50, 75) percentile: (599, 599, 599)
[M::mem_pestat] low and high boundaries for computing mean and std.dev: (599, 599)
[M::mem_pestat] mean and std.dev: (599.00, 0.00)
[M::mem_pestat] low and high boundaries for proper pairs: (599, 599)
[M::mem_pestat] skip orientation RF as there are not enough pairs
[M::mem_pestat] skip orientation RR as there are not enough pairs
[M::mem_process_seqs] Processed 200000 reads in 53.615 CPU sec, 15.160 real sec
[M::process] read 200000 sequences (40000000 bp)...
[M::mem_pestat] # candidate unique pairs for (FF, FR, RF, RR): (0, 89698, 0, 0)
[M::mem_pestat] skip orientation FF as there are not enough pairs
[M::mem_pestat] analyzing insert size distribution for orientation FR...
[M::mem_pestat] (25, 50, 75) percentile: (599, 599, 599)
[M::mem_pestat] low and high boundaries for computing mean and std.dev: (599, 599)
[M::mem_pestat] mean and std.dev: (599.00, 0.00)
[M::mem_pestat] low and high boundaries for proper pairs: (599, 599)
[M::mem_pestat] skip orientation RF as there are not enough pairs
[M::mem_pestat] skip orientation RR as there are not enough pairs
[M::mem_process_seqs] Processed 200000 reads in 53.924 CPU sec, 15.237 real sec
[M::process] read 200000 sequences (40000000 bp)...
[M::mem_pestat] # candidate unique pairs for (FF, FR, RF, RR): (0, 88340, 0, 0)
[M::mem_pestat] skip orientation FF as there are not enough pairs
[M::mem_pestat] analyzing insert size distribution for orientation FR...
[M::mem_pestat] (25, 50, 75) percentile: (599, 599, 599)
[M::mem_pestat] low and high boundaries for computing mean and std.dev: (599, 599)
[M::mem_pestat] mean and std.dev: (599.00, 0.00)
[M::mem_pestat] low and high boundaries for proper pairs: (599, 599)
[M::mem_pestat] skip orientation RF as there are not enough pairs
[M::mem_pestat] skip orientation RR as there are not enough pairs
[M::mem_process_seqs] Processed 200000 reads in 55.681 CPU sec, 15.694 real sec
[M::process] read 142874 sequences (28574800 bp)...
[M::mem_pestat] # candidate unique pairs for (FF, FR, RF, RR): (0, 88559, 0, 0)
[M::mem_pestat] skip orientation FF as there are not enough pairs
[M::mem_pestat] analyzing insert size distribution for orientation FR...
[M::mem_pestat] (25, 50, 75) percentile: (599, 599, 599)
[M::mem_pestat] low and high boundaries for computing mean and std.dev: (599, 599)
[M::mem_pestat] mean and std.dev: (599.00, 0.00)
[M::mem_pestat] low and high boundaries for proper pairs: (599, 599)
[M::mem_pestat] skip orientation RF as there are not enough pairs
[M::mem_pestat] skip orientation RR as there are not enough pairs
[M::mem_process_seqs] Processed 200000 reads in 55.124 CPU sec, 15.430 real sec
[M::mem_pestat] # candidate unique pairs for (FF, FR, RF, RR): (0, 63300, 0, 0)
[M::mem_pestat] skip orientation FF as there are not enough pairs
[M::mem_pestat] analyzing insert size distribution for orientation FR...
[M::mem_pestat] (25, 50, 75) percentile: (599, 599, 599)
[M::mem_pestat] low and high boundaries for computing mean and std.dev: (599, 599)
[M::mem_pestat] mean and std.dev: (599.00, 0.00)
[M::mem_pestat] low and high boundaries for proper pairs: (599, 599)
[M::mem_pestat] skip orientation RF as there are not enough pairs
[M::mem_pestat] skip orientation RR as there are not enough pairs
[M::mem_process_seqs] Processed 142874 reads in 39.007 CPU sec, 11.458 real sec
[main] Version: 0.7.17-r1188
[main] CMD: /opt/software/BWA/0.7.17-foss-2017b/bin/bwa mem -t 4 ../Caenorhabditis_elegans.WBcel235.dna.toplevel.fa.gz ../DataSet01_Celegans_Paired200Id200Pexp100Cov10E1N0GenomicControl_1.fq.gz ../DataSet01_Celegans_Paired200Id200Pexp100Cov10E1N0GenomicControl_2.fq.gz
[main] Real time: 258.429 sec; CPU: 899.130 sec

real	4m21.084s
user	0m8.564s
sys	0m16.064s
JobId=9123162 JobName=ParAssem4
   UserId=stewa668(857038) GroupId=chemistry(2001) MCS_label=N/A
   Priority=523382 Nice=0 Account=general QOS=normal
   JobState=RUNNING Reason=None Dependency=(null)
   Requeue=0 Restarts=0 BatchFlag=1 Reboot=0 ExitCode=0:0
   RunTime=00:04:33 TimeLimit=00:20:00 TimeMin=N/A
   SubmitTime=2019-02-08T00:26:44 EligibleTime=2019-02-08T00:26:44
   AccrueTime=2019-02-08T00:26:44
   StartTime=2019-02-08T00:26:44 EndTime=2019-02-08T00:46:44 Deadline=N/A
   PreemptTime=None SuspendTime=None SecsPreSuspend=0
   LastSchedEval=2019-02-08T00:26:44
   Partition=general-long AllocNode:Sid=dev-intel18:25038
   ReqNodeList=(null) ExcNodeList=(null)
   NodeList=csn-011
   BatchHost=csn-011
   NumNodes=1 NumCPUs=4 NumTasks=1 CPUs/Task=4 ReqB:S:C:T=0:0:*:*
   TRES=cpu=4,mem=8G,node=1,billing=1245
   Socks/Node=* NtasksPerN:B:S:C=0:0:*:* CoreSpec=*
   MinCPUsNode=4 MinMemoryNode=8G MinTmpDiskNode=0
   Features=[intel14|intel16|intel18] DelayBoot=00:00:00
   OverSubscribe=OK Contiguous=0 Licenses=(null) Network=(null)
   Command=/mnt/home/stewa668/cmse401-s19/HW3_Example/runBwaAln_slurm_giab_noRg.sb
   WorkDir=/mnt/home/stewa668/cmse401-s19/HW3_Example
   Comment=stdout=/mnt/home/stewa668/cmse401-s19/HW3_Example/%x.out 
   StdErr=/mnt/home/stewa668/cmse401-s19/HW3_Example/ParAssem4.out
   StdIn=/dev/null
   StdOut=/mnt/home/stewa668/cmse401-s19/HW3_Example/ParAssem4.out
   Power=

   CPUTime     MaxRSS              Submit               Start                 End 
---------- ---------- ------------------- ------------------- ------------------- 
  00:09:54            2019-02-08T00:26:18 2019-02-08T00:26:19             Unknown 
  00:09:54            2019-02-08T00:26:19 2019-02-08T00:26:19             Unknown 
  00:09:40            2019-02-08T00:26:26 2019-02-08T00:26:26             Unknown 
  00:18:08            2019-02-08T00:26:44 2019-02-08T00:26:44             Unknown 
  00:18:08            2019-02-08T00:26:44 2019-02-08T00:26:44             Unknown 
  00:17:20    623780K 2019-02-08T00:26:53 2019-02-08T00:26:53 2019-02-08T00:31:13 
  00:22:00            2019-02-08T00:27:14 2019-02-08T00:27:14 2019-02-08T00:29:59 
  00:22:00      4508K 2019-02-08T00:27:14 2019-02-08T00:27:14 2019-02-08T00:29:59 
  00:22:16          0 2019-02-08T00:27:14 2019-02-08T00:27:14 2019-02-08T00:30:01 
  00:20:32   1108416K 2019-02-08T00:27:22 2019-02-08T00:27:22 2019-02-08T00:29:56 
  00:20:18            2019-02-08T00:27:43 2019-02-08T00:27:43 2019-02-08T00:31:06 
  00:20:18      4532K 2019-02-08T00:27:43 2019-02-08T00:27:43 2019-02-08T00:31:06 
  00:20:18            2019-02-08T00:27:43 2019-02-08T00:27:43 2019-02-08T00:31:06 
  00:19:00    873744K 2019-02-08T00:27:53 2019-02-08T00:27:53 2019-02-08T00:31:03 
  00:32:00            2019-02-08T00:28:04 2019-02-08T00:28:04 2019-02-08T00:30:44 
  00:32:00      4524K 2019-02-08T00:28:04 2019-02-08T00:28:04 2019-02-08T00:30:44 
  00:32:12          0 2019-02-08T00:28:04 2019-02-08T00:28:04 2019-02-08T00:30:45 
  00:30:00   1707256K 2019-02-08T00:28:14 2019-02-08T00:28:14 2019-02-08T00:30:44 
  00:35:12            2019-02-08T00:28:32 2019-02-08T00:28:32 2019-02-08T00:30:44 
  00:35:12      4452K 2019-02-08T00:28:32 2019-02-08T00:28:32 2019-02-08T00:30:44 
  00:35:28          0 2019-02-08T00:28:32 2019-02-08T00:28:32 2019-02-08T00:30:45 
  00:32:00   2434584K 2019-02-08T00:28:44 2019-02-08T00:28:44 2019-02-08T00:30:44 
