
Lmod is automatically replacing "GNU/6.4.0-2.28" with "GCC/6.4.0-2.28".


Lmod is automatically replacing "GNU/6.4.0-2.28" with "GCC/6.4.0-2.28".


Inactive Modules:
  1) FFTW/3.3.7     2) Python/3.6.4     3) imkl/2018.1.163

Due to MODULEPATH changes, the following have been reloaded:
  1) ScaLAPACK/2.0.2-OpenBLAS-0.2.20

The following have been reloaded with a version change:
  1) OpenMPI/2.1.2 => OpenMPI/2.1.1


Activating Modules:
  1) FFTW/3.3.6


real	1m41.031s
user	1m35.628s
sys	0m3.447s
[bam_sort_core] merging from 1 files and 1 in-memory blocks...

real	1m40.877s
user	1m35.159s
sys	0m1.727s

real	0m6.702s
user	0m6.575s
sys	0m0.087s
JobId=9853935 JobName=samtools_prep
   UserId=stewa668(857038) GroupId=chemistry(2001) MCS_label=N/A
   Priority=539156 Nice=0 Account=general QOS=normal
   JobState=RUNNING Reason=None Dependency=(null)
   Requeue=0 Restarts=0 BatchFlag=1 Reboot=0 ExitCode=0:0
   RunTime=00:03:37 TimeLimit=04:00:00 TimeMin=N/A
   SubmitTime=2019-02-15T21:09:56 EligibleTime=2019-02-15T21:09:56
   AccrueTime=2019-02-15T21:09:56
   StartTime=2019-02-15T21:09:56 EndTime=2019-02-16T01:09:56 Deadline=N/A
   PreemptTime=None SuspendTime=None SecsPreSuspend=0
   LastSchedEval=2019-02-15T21:09:56
   Partition=general-short AllocNode:Sid=dev-intel18:22668
   ReqNodeList=(null) ExcNodeList=(null)
   NodeList=csm-018
   BatchHost=csm-018
   NumNodes=1 NumCPUs=1 NumTasks=1 CPUs/Task=1 ReqB:S:C:T=0:0:*:*
   TRES=cpu=1,mem=20G,node=1,billing=3112
   Socks/Node=* NtasksPerN:B:S:C=0:0:*:* CoreSpec=*
   MinCPUsNode=1 MinMemoryNode=20G MinTmpDiskNode=0
   Features=[intel14|intel16|intel18] DelayBoot=00:00:00
   OverSubscribe=OK Contiguous=0 Licenses=(null) Network=(null)
   Command=/mnt/home/stewa668/cmse401-s19/HW3_Example/runSamtoolsSortIndex_slurm_Celegans.sb
   WorkDir=/mnt/home/stewa668/cmse401-s19/HW3_Example
   Comment=stdout=/mnt/home/stewa668/cmse401-s19/HW3_Example/%x.out 
   StdErr=/mnt/home/stewa668/cmse401-s19/HW3_Example/samtools_prep.out
   StdIn=/dev/null
   StdOut=/mnt/home/stewa668/cmse401-s19/HW3_Example/samtools_prep.out
   Power=

