USAGE: galaxsee [filename]
USAGE:     if no filename is entered input is assumed to be stdin
USAGE: galaxsee [filename]
USAGE:     if no filename is entered input is assumed to be stdin
USAGE: galaxsee [filename]
USAGE:     if no filename is entered input is assumed to be stdin
USAGE: galaxsee [filename]
USAGE:     if no filename is entered input is assumed to be stdin
USAGE: galaxsee [filename]
USAGE:     if no filename is entered input is assumed to be stdin
USAGE: galaxsee [filename]
USAGE:     if no filename is entered input is assumed to be stdin
USAGE: galaxsee [filename]
USAGE:     if no filename is entered input is assumed to be stdin
USAGE: galaxsee [filename]
USAGE:     if no filename is entered input is assumed to be stdin
USAGE: galaxsee [filename]
USAGE:     if no filename is entered input is assumed to be stdin
USAGE: galaxsee [filename]
USAGE:     if no filename is entered input is assumed to be stdin
Model Summary
N = 100
Model Summary
N = 100
Model Summary
N = 100
TFINAL = 500.000000
TIMESTEP = 0.500000
INITIAL_V = 0.000000
TFINAL = 500.000000
TIMESTEP = 0.500000
INITIAL_V = 0.000000
ROTATION_FACTOR = 0.800000
DRAG_COEFFICIENT = 0.000000
SCALE = 500.000000
TFINAL = 500.000000
TIMESTEP = 0.500000
INITIAL_V = 0.000000
ROTATION_FACTOR = 0.800000
DRAG_COEFFICIENT = 0.000000
SCALE = 500.000000
MASS = 2000.000000
G = 0.004490
MASS = 2000.000000
G = 0.004490
EXPANSION = 0.000000
INT_METHOD = 1
FORCE_METHOD = 1
TREE_RANGE_COEFFICIENT = 1.200000
NGRID = 32
KSIGMA = 2.000000
KNEAR = 1.000000
DISTRIBUTION = 1
DISTRIBUTION_Z_SCALE = 1.000000
ROTATION_FACTOR = 0.800000
DRAG_COEFFICIENT = 0.000000
SCALE = 500.000000
MASS = 2000.000000
G = 0.004490
EXPANSION = 0.000000
INT_METHOD = 1
FORCE_METHOD = 1
TREE_RANGE_COEFFICIENT = 1.200000
NGRID = 32
KSIGMA = 2.000000
KNEAR = 1.000000
DISTRIBUTION = 1
DISTRIBUTION_Z_SCALE = 1.000000
ANISOTROPY = 0.010000
EXPANSION = 0.000000
INT_METHOD = 1
FORCE_METHOD = 1
TREE_RANGE_COEFFICIENT = 1.200000
NGRID = 32
KSIGMA = 2.000000
KNEAR = 1.000000
DISTRIBUTION = 1
DISTRIBUTION_Z_SCALE = 1.000000
ANISOTROPY = 0.010000
POINTSIZE = 0.020000
SRAD_FAC = 5.000000
SOFT_FAC = 0.000000
MPI_SIZE = 1
FILE_PREFIX = out
POINTSIZE = 0.020000
SRAD_FAC = 5.000000
SOFT_FAC = 0.000000
MPI_SIZE = 1
FILE_PREFIX = out
DELAY = 0
SEED = TIME BASED
Model Summary
N = 100
TFINAL = 500.000000
TIMESTEP = 0.500000
INITIAL_V = 0.000000
Model Summary
N = 100
TFINAL = 500.000000
TIMESTEP = 0.500000
INITIAL_V = 0.000000
ANISOTROPY = 0.010000
POINTSIZE = 0.020000
SRAD_FAC = 5.000000
SOFT_FAC = 0.000000
MPI_SIZE = 1
FILE_PREFIX = out
DELAY = 0
SEED = TIME BASED
Model Summary
Model Summary
N = 100
TFINAL = 500.000000
TIMESTEP = 0.500000
DELAY = 0
SEED = TIME BASED
ROTATION_FACTOR = 0.800000
DRAG_COEFFICIENT = 0.000000
SCALE = 500.000000
MASS = 2000.000000
G = 0.004490
EXPANSION = 0.000000
INT_METHOD = 1
FORCE_METHOD = 1
TREE_RANGE_COEFFICIENT = 1.200000
NGRID = 32
KSIGMA = 2.000000
KNEAR = 1.000000
ROTATION_FACTOR = 0.800000
DRAG_COEFFICIENT = 0.000000
SCALE = 500.000000
MASS = 2000.000000
G = 0.004490
EXPANSION = 0.000000
INT_METHOD = 1
FORCE_METHOD = 1
TREE_RANGE_COEFFICIENT = 1.200000
NGRID = 32
KSIGMA = 2.000000
KNEAR = 1.000000
DISTRIBUTION = 1
DISTRIBUTION_Z_SCALE = 1.000000
Model Summary
N = 100
Model Summary
N = 100
TFINAL = 500.000000
DISTRIBUTION = 1
DISTRIBUTION_Z_SCALE = 1.000000
ANISOTROPY = 0.010000
POINTSIZE = 0.020000
SRAD_FAC = 5.000000
SOFT_FAC = 0.000000
MPI_SIZE = 1
FILE_PREFIX = out
DELAY = 0
SEED = TIME BASED
ANISOTROPY = 0.010000
POINTSIZE = 0.020000
SRAD_FAC = 5.000000
SOFT_FAC = 0.000000
MPI_SIZE = 1
FILE_PREFIX = out
DELAY = 0
SEED = TIME BASED
TFINAL = 500.000000
TIMESTEP = 0.500000
INITIAL_V = 0.000000
ROTATION_FACTOR = 0.800000
DRAG_COEFFICIENT = 0.000000
SCALE = 500.000000
MASS = 2000.000000
TIMESTEP = 0.500000
INITIAL_V = 0.000000
ROTATION_FACTOR = 0.800000
DRAG_COEFFICIENT = 0.000000
SCALE = 500.000000
MASS = 2000.000000
G = 0.004490
EXPANSION = 0.000000
INT_METHOD = 1
Model Summary
N = 100
TFINAL = 500.000000
TIMESTEP = 0.500000
INITIAL_V = 0.000000
ROTATION_FACTOR = 0.800000
DRAG_COEFFICIENT = 0.000000
G = 0.004490
EXPANSION = 0.000000
INT_METHOD = 1
FORCE_METHOD = 1
TREE_RANGE_COEFFICIENT = 1.200000
NGRID = 32
KSIGMA = 2.000000
KNEAR = 1.000000
DISTRIBUTION = 1
DISTRIBUTION_Z_SCALE = 1.000000
ANISOTROPY = 0.010000
POINTSIZE = 0.020000
SRAD_FAC = 5.000000
FORCE_METHOD = 1
TREE_RANGE_COEFFICIENT = 1.200000
NGRID = 32
KSIGMA = 2.000000
KNEAR = 1.000000
DISTRIBUTION = 1
DISTRIBUTION_Z_SCALE = 1.000000
ANISOTROPY = 0.010000
POINTSIZE = 0.020000
SRAD_FAC = 5.000000
SOFT_FAC = 0.000000
MPI_SIZE = 1
SOFT_FAC = 0.000000
MPI_SIZE = 1
FILE_PREFIX = out
DELAY = 0
SEED = TIME BASED
SCALE = 500.000000
MASS = 2000.000000
G = 0.004490
EXPANSION = 0.000000
INT_METHOD = 1
FORCE_METHOD = 1
FILE_PREFIX = out
DELAY = 0
SEED = TIME BASED
TREE_RANGE_COEFFICIENT = 1.200000
NGRID = 32
KSIGMA = 2.000000
KNEAR = 1.000000
DISTRIBUTION = 1
DISTRIBUTION_Z_SCALE = 1.000000
ANISOTROPY = 0.010000
POINTSIZE = 0.020000
SRAD_FAC = 5.000000
SOFT_FAC = 0.000000
MPI_SIZE = 1
FILE_PREFIX = out
DELAY = 0
SEED = TIME BASED
INITIAL_V = 0.000000
ROTATION_FACTOR = 0.800000
DRAG_COEFFICIENT = 0.000000
SCALE = 500.000000
N = 100
TFINAL = 500.000000
TIMESTEP = 0.500000
INITIAL_V = 0.000000
MASS = 2000.000000
G = 0.004490
EXPANSION = 0.000000
INT_METHOD = 1
FORCE_METHOD = 1
TREE_RANGE_COEFFICIENT = 1.200000
ROTATION_FACTOR = 0.800000
DRAG_COEFFICIENT = 0.000000
SCALE = 500.000000
MASS = 2000.000000
G = 0.004490
EXPANSION = 0.000000
NGRID = 32
KSIGMA = 2.000000
KNEAR = 1.000000
DISTRIBUTION = 1
DISTRIBUTION_Z_SCALE = 1.000000
ANISOTROPY = 0.010000
INT_METHOD = 1
FORCE_METHOD = 1
TREE_RANGE_COEFFICIENT = 1.200000
NGRID = 32
KSIGMA = 2.000000
KNEAR = 1.000000
DISTRIBUTION = 1
DISTRIBUTION_Z_SCALE = 1.000000
POINTSIZE = 0.020000
SRAD_FAC = 5.000000
SOFT_FAC = 0.000000
MPI_SIZE = 1
FILE_PREFIX = out
DELAY = 0
ANISOTROPY = 0.010000
POINTSIZE = 0.020000
SRAD_FAC = 5.000000
SOFT_FAC = 0.000000
MPI_SIZE = 1
FILE_PREFIX = out
DELAY = 0
SEED = TIME BASED
SEED = TIME BASED
USAGE: galaxsee [filename]
USAGE:     if no filename is entered input is assumed to be stdin
USAGE: galaxsee [filename]
USAGE:     if no filename is entered input is assumed to be stdin
USAGE: galaxsee [filename]
USAGE:     if no filename is entered input is assumed to be stdin
USAGE: galaxsee [filename]
USAGE:     if no filename is entered input is assumed to be stdin
USAGE: galaxsee [filename]
USAGE:     if no filename is entered input is assumed to be stdin
USAGE: galaxsee [filename]
USAGE:     if no filename is entered input is assumed to be stdin
USAGE: galaxsee [filename]
USAGE:     if no filename is entered input is assumed to be stdin
Model Summary
N = 100
TFINAL = 500.000000
TIMESTEP = 0.500000
INITIAL_V = 0.000000
ROTATION_FACTOR = 0.800000
DRAG_COEFFICIENT = 0.000000
SCALE = 500.000000
MASS = 2000.000000
G = 0.004490
EXPANSION = 0.000000
INT_METHOD = 1
FORCE_METHOD = 1
Model Summary
N = 100
TFINAL = 500.000000
TIMESTEP = 0.500000
INITIAL_V = 0.000000
ROTATION_FACTOR = 0.800000
DRAG_COEFFICIENT = 0.000000
SCALE = 500.000000
MASS = 2000.000000
G = 0.004490
EXPANSION = 0.000000
INT_METHOD = 1
FORCE_METHOD = 1
TREE_RANGE_COEFFICIENT = 1.200000
NGRID = 32
KSIGMA = 2.000000
KNEAR = 1.000000
DISTRIBUTION = 1
Model Summary
N = 100
TFINAL = 500.000000
TIMESTEP = 0.500000
Model Summary
N = 100
TFINAL = 500.000000
TIMESTEP = 0.500000
INITIAL_V = 0.000000
ROTATION_FACTOR = 0.800000
DRAG_COEFFICIENT = 0.000000
SCALE = 500.000000
MASS = 2000.000000
G = 0.004490
EXPANSION = 0.000000
INT_METHOD = 1
FORCE_METHOD = 1
TREE_RANGE_COEFFICIENT = 1.200000
NGRID = 32
KSIGMA = 2.000000
KNEAR = 1.000000
DISTRIBUTION = 1
DISTRIBUTION_Z_SCALE = 1.000000
ANISOTROPY = 0.010000
POINTSIZE = 0.020000
SRAD_FAC = 5.000000
Model Summary
N = 100
TFINAL = 500.000000
TIMESTEP = 0.500000
INITIAL_V = 0.000000
ROTATION_FACTOR = 0.800000
DRAG_COEFFICIENT = 0.000000
SCALE = 500.000000
MASS = 2000.000000
G = 0.004490
EXPANSION = 0.000000
INT_METHOD = 1
FORCE_METHOD = 1
TREE_RANGE_COEFFICIENT = 1.200000
NGRID = 32
KSIGMA = 2.000000
KNEAR = 1.000000
DISTRIBUTION = 1
DISTRIBUTION_Z_SCALE = 1.000000
ANISOTROPY = 0.010000
POINTSIZE = 0.020000
SRAD_FAC = 5.000000
Model Summary
N = 100
TFINAL = 500.000000
TIMESTEP = 0.500000
INITIAL_V = 0.000000
ROTATION_FACTOR = 0.800000
DRAG_COEFFICIENT = 0.000000
SCALE = 500.000000
MASS = 2000.000000
G = 0.004490
EXPANSION = 0.000000
INT_METHOD = 1
FORCE_METHOD = 1
TREE_RANGE_COEFFICIENT = 1.200000
NGRID = 32
KSIGMA = 2.000000
KNEAR = 1.000000
DISTRIBUTION = 1
DISTRIBUTION_Z_SCALE = 1.000000
Model Summary
N = 100
TFINAL = 500.000000
TIMESTEP = 0.500000
INITIAL_V = 0.000000
ROTATION_FACTOR = 0.800000
DRAG_COEFFICIENT = 0.000000
SCALE = 500.000000
MASS = 2000.000000
G = 0.004490
EXPANSION = 0.000000
INT_METHOD = 1
FORCE_METHOD = 1
TREE_RANGE_COEFFICIENT = 1.200000
NGRID = 32
KSIGMA = 2.000000
KNEAR = 1.000000
DISTRIBUTION = 1
DISTRIBUTION_Z_SCALE = 1.000000
ANISOTROPY = 0.010000
POINTSIZE = 0.020000
SRAD_FAC = 5.000000
SOFT_FAC = 0.000000
MPI_SIZE = 1
FILE_PREFIX = out
DELAY = 0
SEED = TIME BASED
SOFT_FAC = 0.000000
MPI_SIZE = 1
FILE_PREFIX = out
DELAY = 0
SEED = TIME BASED
TREE_RANGE_COEFFICIENT = 1.200000
NGRID = 32
KSIGMA = 2.000000
KNEAR = 1.000000
DISTRIBUTION = 1
DISTRIBUTION_Z_SCALE = 1.000000
ANISOTROPY = 0.010000
POINTSIZE = 0.020000
SRAD_FAC = 5.000000
SOFT_FAC = 0.000000
MPI_SIZE = 1
FILE_PREFIX = out
DELAY = 0
SEED = TIME BASED
DISTRIBUTION_Z_SCALE = 1.000000
ANISOTROPY = 0.010000
POINTSIZE = 0.020000
SRAD_FAC = 5.000000
SOFT_FAC = 0.000000
MPI_SIZE = 1
FILE_PREFIX = out
DELAY = 0
SEED = TIME BASED
INITIAL_V = 0.000000
SOFT_FAC = 0.000000
MPI_SIZE = 1
FILE_PREFIX = out
DELAY = 0
SEED = TIME BASED
ANISOTROPY = 0.010000
POINTSIZE = 0.020000
SRAD_FAC = 5.000000
SOFT_FAC = 0.000000
MPI_SIZE = 1
FILE_PREFIX = out
DELAY = 0
SEED = TIME BASED
ROTATION_FACTOR = 0.800000
DRAG_COEFFICIENT = 0.000000
SCALE = 500.000000
MASS = 2000.000000
G = 0.004490
EXPANSION = 0.000000
INT_METHOD = 1
FORCE_METHOD = 1
TREE_RANGE_COEFFICIENT = 1.200000
USAGE: galaxsee [filename]
USAGE:     if no filename is entered input is assumed to be stdin
NGRID = 32
KSIGMA = 2.000000
KNEAR = 1.000000
DISTRIBUTION = 1
DISTRIBUTION_Z_SCALE = 1.000000
ANISOTROPY = 0.010000
POINTSIZE = 0.020000
SRAD_FAC = 5.000000
SOFT_FAC = 0.000000
MPI_SIZE = 1
FILE_PREFIX = out
DELAY = 0
SEED = TIME BASED
USAGE: galaxsee [filename]
USAGE:     if no filename is entered input is assumed to be stdin
USAGE: galaxsee [filename]
USAGE:     if no filename is entered input is assumed to be stdin
USAGE: galaxsee [filename]
USAGE:     if no filename is entered input is assumed to be stdin
USAGE: galaxsee [filename]
USAGE:     if no filename is entered input is assumed to be stdin
USAGE: galaxsee [filename]
USAGE:     if no filename is entered input is assumed to be stdin
USAGE: galaxsee [filename]
USAGE:     if no filename is entered input is assumed to be stdin
USAGE: galaxsee [filename]
USAGE:     if no filename is entered input is assumed to be stdin
USAGE: galaxsee [filename]
USAGE:     if no filename is entered input is assumed to be stdin
Model Summary
N = 100
TFINAL = 500.000000
TIMESTEP = 0.500000
INITIAL_V = 0.000000
ROTATION_FACTOR = 0.800000
DRAG_COEFFICIENT = 0.000000
SCALE = 500.000000
MASS = 2000.000000
G = 0.004490
EXPANSION = 0.000000
Model Summary
N = 100
TFINAL = 500.000000
Model Summary
N = 100
TFINAL = 500.000000
TIMESTEP = 0.500000
INITIAL_V = 0.000000
ROTATION_FACTOR = 0.800000
DRAG_COEFFICIENT = 0.000000
SCALE = 500.000000
MASS = 2000.000000
G = 0.004490
EXPANSION = 0.000000
INT_METHOD = 1
Model Summary
N = 100
TFINAL = 500.000000
TIMESTEP = 0.500000
INITIAL_V = 0.000000
ROTATION_FACTOR = 0.800000
DRAG_COEFFICIENT = 0.000000
SCALE = 500.000000
MASS = 2000.000000
G = 0.004490
EXPANSION = 0.000000
INT_METHOD = 1
FORCE_METHOD = 1
TREE_RANGE_COEFFICIENT = 1.200000
NGRID = 32
Model Summary
N = 100
TFINAL = 500.000000
TIMESTEP = 0.500000
INITIAL_V = 0.000000
ROTATION_FACTOR = 0.800000
DRAG_COEFFICIENT = 0.000000
SCALE = 500.000000
MASS = 2000.000000
G = 0.004490
Model Summary
N = 100
TFINAL = 500.000000
TIMESTEP = 0.500000
INITIAL_V = 0.000000
ROTATION_FACTOR = 0.800000
DRAG_COEFFICIENT = 0.000000
SCALE = 500.000000
MASS = 2000.000000
G = 0.004490
EXPANSION = 0.000000
INT_METHOD = 1
FORCE_METHOD = 1
TREE_RANGE_COEFFICIENT = 1.200000
NGRID = 32
KSIGMA = 2.000000
KNEAR = 1.000000
DISTRIBUTION = 1
DISTRIBUTION_Z_SCALE = 1.000000
ANISOTROPY = 0.010000
POINTSIZE = 0.020000
SRAD_FAC = 5.000000
SOFT_FAC = 0.000000
MPI_SIZE = 1
FILE_PREFIX = out
DELAY = 0
SEED = TIME BASED
Model Summary
N = 100
TFINAL = 500.000000
TIMESTEP = 0.500000
INITIAL_V = 0.000000
ROTATION_FACTOR = 0.800000
DRAG_COEFFICIENT = 0.000000
SCALE = 500.000000
MASS = 2000.000000
G = 0.004490
EXPANSION = 0.000000
INT_METHOD = 1
FORCE_METHOD = 1
TREE_RANGE_COEFFICIENT = 1.200000
NGRID = 32
KSIGMA = 2.000000
KNEAR = 1.000000
DISTRIBUTION = 1
DISTRIBUTION_Z_SCALE = 1.000000
ANISOTROPY = 0.010000
POINTSIZE = 0.020000
SRAD_FAC = 5.000000
SOFT_FAC = 0.000000
MPI_SIZE = 1
FILE_PREFIX = out
DELAY = 0
SEED = TIME BASED
KSIGMA = 2.000000
KNEAR = 1.000000
DISTRIBUTION = 1
DISTRIBUTION_Z_SCALE = 1.000000
ANISOTROPY = 0.010000
POINTSIZE = 0.020000
SRAD_FAC = 5.000000
SOFT_FAC = 0.000000
MPI_SIZE = 1
FILE_PREFIX = out
DELAY = 0
SEED = TIME BASED
Model Summary
N = 100
TFINAL = 500.000000
TIMESTEP = 0.500000
INITIAL_V = 0.000000
ROTATION_FACTOR = 0.800000
DRAG_COEFFICIENT = 0.000000
SCALE = 500.000000
MASS = 2000.000000
G = 0.004490
EXPANSION = 0.000000
INT_METHOD = 1
FORCE_METHOD = 1
TREE_RANGE_COEFFICIENT = 1.200000
NGRID = 32
KSIGMA = 2.000000
KNEAR = 1.000000
DISTRIBUTION = 1
DISTRIBUTION_Z_SCALE = 1.000000
ANISOTROPY = 0.010000
POINTSIZE = 0.020000
SRAD_FAC = 5.000000
SOFT_FAC = 0.000000
MPI_SIZE = 1
FILE_PREFIX = out
DELAY = 0
SEED = TIME BASED
INT_METHOD = 1
FORCE_METHOD = 1
TREE_RANGE_COEFFICIENT = 1.200000
NGRID = 32
KSIGMA = 2.000000
KNEAR = 1.000000
DISTRIBUTION = 1
DISTRIBUTION_Z_SCALE = 1.000000
ANISOTROPY = 0.010000
POINTSIZE = 0.020000
SRAD_FAC = 5.000000
SOFT_FAC = 0.000000
MPI_SIZE = 1
FILE_PREFIX = out
DELAY = 0
SEED = TIME BASED
TIMESTEP = 0.500000
Model Summary
N = 100
TFINAL = 500.000000
TIMESTEP = 0.500000
INITIAL_V = 0.000000
ROTATION_FACTOR = 0.800000
DRAG_COEFFICIENT = 0.000000
SCALE = 500.000000
MASS = 2000.000000
G = 0.004490
EXPANSION = 0.000000
INT_METHOD = 1
FORCE_METHOD = 1
TREE_RANGE_COEFFICIENT = 1.200000
NGRID = 32
KSIGMA = 2.000000
KNEAR = 1.000000
DISTRIBUTION = 1
DISTRIBUTION_Z_SCALE = 1.000000
ANISOTROPY = 0.010000
POINTSIZE = 0.020000
SRAD_FAC = 5.000000
SOFT_FAC = 0.000000
MPI_SIZE = 1
FILE_PREFIX = out
DELAY = 0
SEED = TIME BASED
FORCE_METHOD = 1
TREE_RANGE_COEFFICIENT = 1.200000
NGRID = 32
KSIGMA = 2.000000
KNEAR = 1.000000
DISTRIBUTION = 1
DISTRIBUTION_Z_SCALE = 1.000000
ANISOTROPY = 0.010000
POINTSIZE = 0.020000
SRAD_FAC = 5.000000
SOFT_FAC = 0.000000
MPI_SIZE = 1
FILE_PREFIX = out
DELAY = 0
SEED = TIME BASED
EXPANSION = 0.000000
INT_METHOD = 1
FORCE_METHOD = 1
TREE_RANGE_COEFFICIENT = 1.200000
NGRID = 32
KSIGMA = 2.000000
KNEAR = 1.000000
DISTRIBUTION = 1
DISTRIBUTION_Z_SCALE = 1.000000
ANISOTROPY = 0.010000
POINTSIZE = 0.020000
SRAD_FAC = 5.000000
SOFT_FAC = 0.000000
MPI_SIZE = 1
FILE_PREFIX = out
DELAY = 0
SEED = TIME BASED
INITIAL_V = 0.000000
ROTATION_FACTOR = 0.800000
DRAG_COEFFICIENT = 0.000000
SCALE = 500.000000
MASS = 2000.000000
G = 0.004490
EXPANSION = 0.000000
INT_METHOD = 1
FORCE_METHOD = 1
TREE_RANGE_COEFFICIENT = 1.200000
NGRID = 32
KSIGMA = 2.000000
KNEAR = 1.000000
DISTRIBUTION = 1
DISTRIBUTION_Z_SCALE = 1.000000
ANISOTROPY = 0.010000
POINTSIZE = 0.020000
SRAD_FAC = 5.000000
SOFT_FAC = 0.000000
MPI_SIZE = 1
FILE_PREFIX = out
DELAY = 0
SEED = TIME BASED
USAGE: galaxsee [filename]
USAGE:     if no filename is entered input is assumed to be stdin
USAGE: galaxsee [filename]
USAGE:     if no filename is entered input is assumed to be stdin
USAGE: galaxsee [filename]
USAGE:     if no filename is entered input is assumed to be stdin
USAGE: galaxsee [filename]
USAGE:     if no filename is entered input is assumed to be stdin
USAGE: galaxsee [filename]
USAGE:     if no filename is entered input is assumed to be stdin
Model Summary
N = 100
TFINAL = 500.000000
TIMESTEP = 0.500000
INITIAL_V = 0.000000
ROTATION_FACTOR = 0.800000
DRAG_COEFFICIENT = 0.000000
SCALE = 500.000000
MASS = 2000.000000
G = 0.004490
EXPANSION = 0.000000
INT_METHOD = 1
FORCE_METHOD = 1
TREE_RANGE_COEFFICIENT = 1.200000
NGRID = 32
KSIGMA = 2.000000
KNEAR = 1.000000
DISTRIBUTION = 1
DISTRIBUTION_Z_SCALE = 1.000000
ANISOTROPY = 0.010000
POINTSIZE = 0.020000
SRAD_FAC = 5.000000
SOFT_FAC = 0.000000
MPI_SIZE = 1
FILE_PREFIX = out
DELAY = 0
SEED = TIME BASED
USAGE: galaxsee [filename]
USAGE:     if no filename is entered input is assumed to be stdin
Model Summary
N = 100
TFINAL = 500.000000
TIMESTEP = 0.500000
INITIAL_V = 0.000000
ROTATION_FACTOR = 0.800000
DRAG_COEFFICIENT = 0.000000
SCALE = 500.000000
MASS = 2000.000000
G = 0.004490
EXPANSION = 0.000000
INT_METHOD = 1
FORCE_METHOD = 1
TREE_RANGE_COEFFICIENT = 1.200000
NGRID = 32
KSIGMA = 2.000000
KNEAR = 1.000000
DISTRIBUTION = 1
DISTRIBUTION_Z_SCALE = 1.000000
ANISOTROPY = 0.010000
POINTSIZE = 0.020000
SRAD_FAC = 5.000000
SOFT_FAC = 0.000000
MPI_SIZE = 1
FILE_PREFIX = out
DELAY = 0
SEED = TIME BASED
USAGE: galaxsee [filename]
USAGE:     if no filename is entered input is assumed to be stdin
USAGE: galaxsee [filename]
USAGE:     if no filename is entered input is assumed to be stdin
USAGE: galaxsee [filename]
USAGE:     if no filename is entered input is assumed to be stdin
USAGE: galaxsee [filename]
USAGE:     if no filename is entered input is assumed to be stdin
USAGE: galaxsee [filename]
USAGE:     if no filename is entered input is assumed to be stdin
USAGE: galaxsee [filename]
USAGE:     if no filename is entered input is assumed to be stdin
Model Summary
N = 100
TFINAL = 500.000000
TIMESTEP = 0.500000
INITIAL_V = 0.000000
ROTATION_FACTOR = 0.800000
DRAG_COEFFICIENT = 0.000000
SCALE = 500.000000
MASS = 2000.000000
G = 0.004490
EXPANSION = 0.000000
INT_METHOD = 1
FORCE_METHOD = 1
TREE_RANGE_COEFFICIENT = 1.200000
NGRID = 32
KSIGMA = 2.000000
KNEAR = 1.000000
DISTRIBUTION = 1
DISTRIBUTION_Z_SCALE = 1.000000
ANISOTROPY = 0.010000
POINTSIZE = 0.020000
SRAD_FAC = 5.000000
SOFT_FAC = 0.000000
MPI_SIZE = 1
FILE_PREFIX = out
DELAY = 0
SEED = TIME BASED
USAGE: galaxsee [filename]
USAGE: galaxsee [filename]
USAGE:     if no filename is entered input is assumed to be stdin
Model Summary
N = 100
TFINAL = 500.000000
TIMESTEP = 0.500000
INITIAL_V = 0.000000
ROTATION_FACTOR = 0.800000
DRAG_COEFFICIENT = 0.000000
SCALE = 500.000000
MASS = 2000.000000
G = 0.004490
EXPANSION = 0.000000
INT_METHOD = 1
FORCE_METHOD = 1
TREE_RANGE_COEFFICIENT = 1.200000
NGRID = 32
KSIGMA = 2.000000
KNEAR = 1.000000
DISTRIBUTION = 1
DISTRIBUTION_Z_SCALE = 1.000000
ANISOTROPY = 0.010000
POINTSIZE = 0.020000
SRAD_FAC = 5.000000
SOFT_FAC = 0.000000
MPI_SIZE = 1
FILE_PREFIX = out
DELAY = 0
SEED = TIME BASED
Model Summary
N = 100
TFINAL = 500.000000
TIMESTEP = 0.500000
INITIAL_V = 0.000000
ROTATION_FACTOR = 0.800000
DRAG_COEFFICIENT = 0.000000
SCALE = 500.000000
MASS = 2000.000000
G = 0.004490
EXPANSION = 0.000000
INT_METHOD = 1
FORCE_METHOD = 1
TREE_RANGE_COEFFICIENT = 1.200000
NGRID = 32
KSIGMA = 2.000000
KNEAR = 1.000000
DISTRIBUTION = 1
DISTRIBUTION_Z_SCALE = 1.000000
ANISOTROPY = 0.010000
POINTSIZE = 0.020000
SRAD_FAC = 5.000000
SOFT_FAC = 0.000000
MPI_SIZE = 1
FILE_PREFIX = out
DELAY = 0
SEED = TIME BASED
Model Summary
N = 100
TFINAL = 500.000000
TIMESTEP = 0.500000
INITIAL_V = 0.000000
ROTATION_FACTOR = 0.800000
DRAG_COEFFICIENT = 0.000000
SCALE = 500.000000
MASS = 2000.000000
G = 0.004490
EXPANSION = 0.000000
INT_METHOD = 1
FORCE_METHOD = 1
TREE_RANGE_COEFFICIENT = 1.200000
NGRID = 32
KSIGMA = 2.000000
KNEAR = 1.000000
DISTRIBUTION = 1
DISTRIBUTION_Z_SCALE = 1.000000
ANISOTROPY = 0.010000
POINTSIZE = 0.020000
SRAD_FAC = 5.000000
SOFT_FAC = 0.000000
MPI_SIZE = 1
FILE_PREFIX = out
Model Summary
N = 100
TFINAL = 500.000000
TIMESTEP = 0.500000
INITIAL_V = 0.000000
ROTATION_FACTOR = 0.800000
DRAG_COEFFICIENT = 0.000000
SCALE = 500.000000
MASS = 2000.000000
G = 0.004490
EXPANSION = 0.000000
INT_METHOD = 1
FORCE_METHOD = 1
TREE_RANGE_COEFFICIENT = 1.200000
NGRID = 32
KSIGMA = 2.000000
KNEAR = 1.000000
DISTRIBUTION = 1
DISTRIBUTION_Z_SCALE = 1.000000
ANISOTROPY = 0.010000
POINTSIZE = 0.020000
SRAD_FAC = 5.000000
SOFT_FAC = 0.000000
MPI_SIZE = 1
FILE_PREFIX = out
DELAY = 0
SEED = TIME BASED
USAGE:     if no filename is entered input is assumed to be stdin
Model Summary
N = 100
TFINAL = 500.000000
TIMESTEP = 0.500000
INITIAL_V = 0.000000
ROTATION_FACTOR = 0.800000
DRAG_COEFFICIENT = 0.000000
SCALE = 500.000000
MASS = 2000.000000
G = 0.004490
EXPANSION = 0.000000
INT_METHOD = 1
FORCE_METHOD = 1
TREE_RANGE_COEFFICIENT = 1.200000
NGRID = 32
KSIGMA = 2.000000
KNEAR = 1.000000
DISTRIBUTION = 1
DISTRIBUTION_Z_SCALE = 1.000000
ANISOTROPY = 0.010000
POINTSIZE = 0.020000
SRAD_FAC = 5.000000
SOFT_FAC = 0.000000
MPI_SIZE = 1
FILE_PREFIX = out
DELAY = 0
SEED = TIME BASED
Model Summary
N = 100
TFINAL = 500.000000
TIMESTEP = 0.500000
INITIAL_V = 0.000000
ROTATION_FACTOR = 0.800000
DRAG_COEFFICIENT = 0.000000
SCALE = 500.000000
MASS = 2000.000000
G = 0.004490
EXPANSION = 0.000000
INT_METHOD = 1
FORCE_METHOD = 1
TREE_RANGE_COEFFICIENT = 1.200000
NGRID = 32
KSIGMA = 2.000000
KNEAR = 1.000000
DISTRIBUTION = 1
DISTRIBUTION_Z_SCALE = 1.000000
ANISOTROPY = 0.010000
POINTSIZE = 0.020000
SRAD_FAC = 5.000000
SOFT_FAC = 0.000000
MPI_SIZE = 1
FILE_PREFIX = out
DELAY = 0
SEED = TIME BASED
Model Summary
N = 100
TFINAL = 500.000000
TIMESTEP = 0.500000
INITIAL_V = 0.000000
ROTATION_FACTOR = 0.800000
DRAG_COEFFICIENT = 0.000000
SCALE = 500.000000
MASS = 2000.000000
G = 0.004490
EXPANSION = 0.000000
INT_METHOD = 1
FORCE_METHOD = 1
TREE_RANGE_COEFFICIENT = 1.200000
NGRID = 32
KSIGMA = 2.000000
KNEAR = 1.000000
DISTRIBUTION = 1
DISTRIBUTION_Z_SCALE = 1.000000
ANISOTROPY = 0.010000
POINTSIZE = 0.020000
SRAD_FAC = 5.000000
SOFT_FAC = 0.000000
MPI_SIZE = 1
FILE_PREFIX = out
DELAY = 0
SEED = TIME BASED
Model Summary
N = 100
TFINAL = 500.000000
TIMESTEP = 0.500000
INITIAL_V = 0.000000
ROTATION_FACTOR = 0.800000
DRAG_COEFFICIENT = 0.000000
SCALE = 500.000000
MASS = 2000.000000
G = 0.004490
EXPANSION = 0.000000
INT_METHOD = 1
FORCE_METHOD = 1
TREE_RANGE_COEFFICIENT = 1.200000
NGRID = 32
KSIGMA = 2.000000
KNEAR = 1.000000
DISTRIBUTION = 1
DISTRIBUTION_Z_SCALE = 1.000000
ANISOTROPY = 0.010000
POINTSIZE = 0.020000
SRAD_FAC = 5.000000
SOFT_FAC = 0.000000
MPI_SIZE = 1
FILE_PREFIX = out
DELAY = 0
SEED = TIME BASED
Model Summary
N = 100
TFINAL = 500.000000
TIMESTEP = 0.500000
INITIAL_V = 0.000000
ROTATION_FACTOR = 0.800000
DRAG_COEFFICIENT = 0.000000
SCALE = 500.000000
MASS = 2000.000000
G = 0.004490
EXPANSION = 0.000000
INT_METHOD = 1
FORCE_METHOD = 1
TREE_RANGE_COEFFICIENT = 1.200000
NGRID = 32
KSIGMA = 2.000000
KNEAR = 1.000000
DISTRIBUTION = 1
DISTRIBUTION_Z_SCALE = 1.000000
ANISOTROPY = 0.010000
POINTSIZE = 0.020000
SRAD_FAC = 5.000000
SOFT_FAC = 0.000000
MPI_SIZE = 1
FILE_PREFIX = out
DELAY = 0
SEED = TIME BASED
Model Summary
N = 100
TFINAL = 500.000000
TIMESTEP = 0.500000
INITIAL_V = 0.000000
ROTATION_FACTOR = 0.800000
DRAG_COEFFICIENT = 0.000000
SCALE = 500.000000
MASS = 2000.000000
G = 0.004490
EXPANSION = 0.000000
INT_METHOD = 1
FORCE_METHOD = 1
TREE_RANGE_COEFFICIENT = 1.200000
NGRID = 32
KSIGMA = 2.000000
KNEAR = 1.000000
DISTRIBUTION = 1
DISTRIBUTION_Z_SCALE = 1.000000
ANISOTROPY = 0.010000
POINTSIZE = 0.020000
SRAD_FAC = 5.000000
SOFT_FAC = 0.000000
MPI_SIZE = 1
FILE_PREFIX = out
DELAY = 0
SEED = TIME BASED
Model Summary
N = 100
TFINAL = 500.000000
TIMESTEP = 0.500000
INITIAL_V = 0.000000
ROTATION_FACTOR = 0.800000
DRAG_COEFFICIENT = 0.000000
SCALE = 500.000000
MASS = 2000.000000
G = 0.004490
EXPANSION = 0.000000
INT_METHOD = 1
FORCE_METHOD = 1
TREE_RANGE_COEFFICIENT = 1.200000
NGRID = 32
KSIGMA = 2.000000
KNEAR = 1.000000
DISTRIBUTION = 1
DISTRIBUTION_Z_SCALE = 1.000000
ANISOTROPY = 0.010000
POINTSIZE = 0.020000
SRAD_FAC = 5.000000
SOFT_FAC = 0.000000
MPI_SIZE = 1
FILE_PREFIX = out
DELAY = 0
SEED = TIME BASED
DELAY = 0
SEED = TIME BASED

Wall Time Elapsed =        1 seconds
Time in Force Calculation, root node =        1 seconds

Wall Time Elapsed =        1 seconds
Time in Force Calculation, root node =        1 seconds

Wall Time Elapsed =        1 seconds
Time in Force Calculation, root node =        0 seconds
-------------------------------------------------------
Primary job  terminated normally, but 1 process returned
a non-zero exit code.. Per user-direction, the job has been aborted.
-------------------------------------------------------

Wall Time Elapsed =        1 seconds
Time in Force Calculation, root node =        1 seconds

Wall Time Elapsed =        1 seconds
Time in Force Calculation, root node =        1 seconds

Wall Time Elapsed =        1 seconds
Time in Force Calculation, root node =        0 seconds

Wall Time Elapsed =        1 seconds
Time in Force Calculation, root node =        1 seconds

Wall Time Elapsed =        1 seconds
Time in Force Calculation, root node =        0 seconds

Wall Time Elapsed =        1 seconds
Time in Force Calculation, root node =        1 seconds

Wall Time Elapsed =        1 seconds
Time in Force Calculation, root node =        1 seconds

Wall Time Elapsed =        1 seconds
Time in Force Calculation, root node =        1 seconds

Wall Time Elapsed =        1 seconds
Time in Force Calculation, root node =        0 seconds

Wall Time Elapsed =        1 seconds
Time in Force Calculation, root node =        1 seconds

Wall Time Elapsed =        1 seconds
Time in Force Calculation, root node =        0 seconds

Wall Time Elapsed =        1 seconds
Time in Force Calculation, root node =        1 seconds

Wall Time Elapsed =        1 seconds
Time in Force Calculation, root node =        0 seconds

Wall Time Elapsed =        1 seconds
Time in Force Calculation, root node =        0 seconds

Wall Time Elapsed =        1 seconds
Time in Force Calculation, root node =        1 seconds
--------------------------------------------------------------------------
mpirun detected that one or more processes exited with non-zero status, thus causing
the job to be terminated. The first process to do so was:

  Process name: [[25717,1],9]
  Exit code:    1
--------------------------------------------------------------------------

real	0m13.091s
user	0m2.279s
sys	0m0.125s
USAGE: galaxsee [filename]
USAGE:     if no filename is entered input is assumed to be stdin
Model Summary
N = 100
TFINAL = 500.000000
TIMESTEP = 0.500000
INITIAL_V = 0.000000
ROTATION_FACTOR = 0.800000
DRAG_COEFFICIENT = 0.000000
SCALE = 500.000000
MASS = 2000.000000
G = 0.004490
EXPANSION = 0.000000
INT_METHOD = 1
FORCE_METHOD = 1
TREE_RANGE_COEFFICIENT = 1.200000
NGRID = 32
KSIGMA = 2.000000
KNEAR = 1.000000
DISTRIBUTION = 1
DISTRIBUTION_Z_SCALE = 1.000000
ANISOTROPY = 0.010000
POINTSIZE = 0.020000
SRAD_FAC = 5.000000
SOFT_FAC = 0.000000
MPI_SIZE = 1
FILE_PREFIX = out
DELAY = 0
SEED = TIME BASED
USAGE: galaxsee [filename]
USAGE:     if no filename is entered input is assumed to be stdin
Model Summary
N = 100
TFINAL = 500.000000
TIMESTEP = 0.500000
INITIAL_V = 0.000000
ROTATION_FACTOR = 0.800000
DRAG_COEFFICIENT = 0.000000
SCALE = 500.000000
MASS = 2000.000000
G = 0.004490
EXPANSION = 0.000000
INT_METHOD = 1
FORCE_METHOD = 1
TREE_RANGE_COEFFICIENT = 1.200000
NGRID = 32
KSIGMA = 2.000000
KNEAR = 1.000000
DISTRIBUTION = 1
DISTRIBUTION_Z_SCALE = 1.000000
ANISOTROPY = 0.010000
POINTSIZE = 0.020000
SRAD_FAC = 5.000000
SOFT_FAC = 0.000000
MPI_SIZE = 1
FILE_PREFIX = out
DELAY = 0
SEED = TIME BASED
USAGE: galaxsee [filename]
USAGE:     if no filename is entered input is assumed to be stdin
Model Summary
N = 100
TFINAL = 500.000000
TIMESTEP = 0.500000
INITIAL_V = 0.000000
ROTATION_FACTOR = 0.800000
DRAG_COEFFICIENT = 0.000000
SCALE = 500.000000
MASS = 2000.000000
G = 0.004490
EXPANSION = 0.000000
INT_METHOD = 1
FORCE_METHOD = 1
TREE_RANGE_COEFFICIENT = 1.200000
NGRID = 32
KSIGMA = 2.000000
KNEAR = 1.000000
DISTRIBUTION = 1
DISTRIBUTION_Z_SCALE = 1.000000
ANISOTROPY = 0.010000
POINTSIZE = 0.020000
SRAD_FAC = 5.000000
SOFT_FAC = 0.000000
MPI_SIZE = 1
FILE_PREFIX = out
DELAY = 0
SEED = TIME BASED
USAGE: galaxsee [filename]
USAGE:     if no filename is entered input is assumed to be stdin
Model Summary
N = 100
TFINAL = 500.000000
TIMESTEP = 0.500000
INITIAL_V = 0.000000
ROTATION_FACTOR = 0.800000
DRAG_COEFFICIENT = 0.000000
SCALE = 500.000000
MASS = 2000.000000
G = 0.004490
EXPANSION = 0.000000
INT_METHOD = 1
FORCE_METHOD = 1
TREE_RANGE_COEFFICIENT = 1.200000
NGRID = 32
KSIGMA = 2.000000
KNEAR = 1.000000
DISTRIBUTION = 1
DISTRIBUTION_Z_SCALE = 1.000000
ANISOTROPY = 0.010000
POINTSIZE = 0.020000
SRAD_FAC = 5.000000
SOFT_FAC = 0.000000
MPI_SIZE = 1
FILE_PREFIX = out
DELAY = 0
SEED = TIME BASED
USAGE: galaxsee [filename]
USAGE:     if no filename is entered input is assumed to be stdin
Model Summary
N = 100
TFINAL = 500.000000
TIMESTEP = 0.500000
INITIAL_V = 0.000000
ROTATION_FACTOR = 0.800000
DRAG_COEFFICIENT = 0.000000
SCALE = 500.000000
MASS = 2000.000000
G = 0.004490
EXPANSION = 0.000000
INT_METHOD = 1
FORCE_METHOD = 1
TREE_RANGE_COEFFICIENT = 1.200000
NGRID = 32
KSIGMA = 2.000000
KNEAR = 1.000000
DISTRIBUTION = 1
DISTRIBUTION_Z_SCALE = 1.000000
ANISOTROPY = 0.010000
POINTSIZE = 0.020000
SRAD_FAC = 5.000000
SOFT_FAC = 0.000000
MPI_SIZE = 1
FILE_PREFIX = out
DELAY = 0
SEED = TIME BASED
USAGE: galaxsee [filename]
USAGE:     if no filename is entered input is assumed to be stdin
Model Summary
N = 100
TFINAL = 500.000000
TIMESTEP = 0.500000
INITIAL_V = 0.000000
ROTATION_FACTOR = 0.800000
DRAG_COEFFICIENT = 0.000000
SCALE = 500.000000
MASS = 2000.000000
G = 0.004490
EXPANSION = 0.000000
INT_METHOD = 1
FORCE_METHOD = 1
TREE_RANGE_COEFFICIENT = 1.200000
NGRID = 32
KSIGMA = 2.000000
KNEAR = 1.000000
DISTRIBUTION = 1
DISTRIBUTION_Z_SCALE = 1.000000
ANISOTROPY = 0.010000
POINTSIZE = 0.020000
SRAD_FAC = 5.000000
SOFT_FAC = 0.000000
MPI_SIZE = 1
FILE_PREFIX = out
DELAY = 0
SEED = TIME BASED
USAGE: galaxsee [filename]
USAGE:     if no filename is entered input is assumed to be stdin
Model Summary
N = 100
TFINAL = 500.000000
TIMESTEP = 0.500000
INITIAL_V = 0.000000
ROTATION_FACTOR = 0.800000
DRAG_COEFFICIENT = 0.000000
SCALE = 500.000000
MASS = 2000.000000
G = 0.004490
EXPANSION = 0.000000
INT_METHOD = 1
FORCE_METHOD = 1
TREE_RANGE_COEFFICIENT = 1.200000
NGRID = 32
KSIGMA = 2.000000
KNEAR = 1.000000
DISTRIBUTION = 1
DISTRIBUTION_Z_SCALE = 1.000000
ANISOTROPY = 0.010000
POINTSIZE = 0.020000
SRAD_FAC = 5.000000
SOFT_FAC = 0.000000
MPI_SIZE = 1
FILE_PREFIX = out
DELAY = 0
SEED = TIME BASED
USAGE: galaxsee [filename]
USAGE:     if no filename is entered input is assumed to be stdin
Model Summary
N = 100
TFINAL = 500.000000
TIMESTEP = 0.500000
INITIAL_V = 0.000000
ROTATION_FACTOR = 0.800000
DRAG_COEFFICIENT = 0.000000
SCALE = 500.000000
MASS = 2000.000000
G = 0.004490
EXPANSION = 0.000000
INT_METHOD = 1
FORCE_METHOD = 1
TREE_RANGE_COEFFICIENT = 1.200000
NGRID = 32
KSIGMA = 2.000000
KNEAR = 1.000000
DISTRIBUTION = 1
DISTRIBUTION_Z_SCALE = 1.000000
ANISOTROPY = 0.010000
POINTSIZE = 0.020000
SRAD_FAC = 5.000000
SOFT_FAC = 0.000000
MPI_SIZE = 1
FILE_PREFIX = out
DELAY = 0
SEED = TIME BASED
USAGE: galaxsee [filename]
USAGE:     if no filename is entered input is assumed to be stdin
Model Summary
N = 100
TFINAL = 500.000000
TIMESTEP = 0.500000
INITIAL_V = 0.000000
ROTATION_FACTOR = 0.800000
DRAG_COEFFICIENT = 0.000000
SCALE = 500.000000
MASS = 2000.000000
G = 0.004490
EXPANSION = 0.000000
INT_METHOD = 1
FORCE_METHOD = 1
TREE_RANGE_COEFFICIENT = 1.200000
NGRID = 32
KSIGMA = 2.000000
KNEAR = 1.000000
DISTRIBUTION = 1
DISTRIBUTION_Z_SCALE = 1.000000
ANISOTROPY = 0.010000
POINTSIZE = 0.020000
SRAD_FAC = 5.000000
SOFT_FAC = 0.000000
MPI_SIZE = 1
FILE_PREFIX = out
DELAY = 0
SEED = TIME BASED
USAGE: galaxsee [filename]
USAGE:     if no filename is entered input is assumed to be stdin
Model Summary
N = 100
TFINAL = 500.000000
TIMESTEP = 0.500000
INITIAL_V = 0.000000
ROTATION_FACTOR = 0.800000
DRAG_COEFFICIENT = 0.000000
SCALE = 500.000000
MASS = 2000.000000
G = 0.004490
EXPANSION = 0.000000
INT_METHOD = 1
FORCE_METHOD = 1
TREE_RANGE_COEFFICIENT = 1.200000
NGRID = 32
KSIGMA = 2.000000
KNEAR = 1.000000
DISTRIBUTION = 1
DISTRIBUTION_Z_SCALE = 1.000000
ANISOTROPY = 0.010000
POINTSIZE = 0.020000
SRAD_FAC = 5.000000
SOFT_FAC = 0.000000
MPI_SIZE = 1
FILE_PREFIX = out
DELAY = 0
SEED = TIME BASED
USAGE: galaxsee [filename]
USAGE:     if no filename is entered input is assumed to be stdin
Model Summary
N = 100
TFINAL = 500.000000
TIMESTEP = 0.500000
INITIAL_V = 0.000000
ROTATION_FACTOR = 0.800000
DRAG_COEFFICIENT = 0.000000
SCALE = 500.000000
MASS = 2000.000000
G = 0.004490
EXPANSION = 0.000000
INT_METHOD = 1
FORCE_METHOD = 1
TREE_RANGE_COEFFICIENT = 1.200000
NGRID = 32
KSIGMA = 2.000000
KNEAR = 1.000000
DISTRIBUTION = 1
DISTRIBUTION_Z_SCALE = 1.000000
ANISOTROPY = 0.010000
POINTSIZE = 0.020000
SRAD_FAC = 5.000000
SOFT_FAC = 0.000000
MPI_SIZE = 1
FILE_PREFIX = out
DELAY = 0
SEED = TIME BASED
USAGE: galaxsee [filename]
USAGE:     if no filename is entered input is assumed to be stdin
Model Summary
N = 100
TFINAL = 500.000000
TIMESTEP = 0.500000
INITIAL_V = 0.000000
ROTATION_FACTOR = 0.800000
DRAG_COEFFICIENT = 0.000000
SCALE = 500.000000
MASS = 2000.000000
G = 0.004490
EXPANSION = 0.000000
INT_METHOD = 1
FORCE_METHOD = 1
TREE_RANGE_COEFFICIENT = 1.200000
NGRID = 32
KSIGMA = 2.000000
KNEAR = 1.000000
DISTRIBUTION = 1
DISTRIBUTION_Z_SCALE = 1.000000
ANISOTROPY = 0.010000
POINTSIZE = 0.020000
SRAD_FAC = 5.000000
SOFT_FAC = 0.000000
MPI_SIZE = 1
FILE_PREFIX = out
DELAY = 0
SEED = TIME BASED
USAGE: galaxsee [filename]
USAGE:     if no filename is entered input is assumed to be stdin
Model Summary
N = 100
TFINAL = 500.000000
TIMESTEP = 0.500000
INITIAL_V = 0.000000
ROTATION_FACTOR = 0.800000
DRAG_COEFFICIENT = 0.000000
SCALE = 500.000000
MASS = 2000.000000
G = 0.004490
EXPANSION = 0.000000
INT_METHOD = 1
FORCE_METHOD = 1
TREE_RANGE_COEFFICIENT = 1.200000
NGRID = 32
KSIGMA = 2.000000
KNEAR = 1.000000
DISTRIBUTION = 1
DISTRIBUTION_Z_SCALE = 1.000000
ANISOTROPY = 0.010000
POINTSIZE = 0.020000
SRAD_FAC = 5.000000
SOFT_FAC = 0.000000
MPI_SIZE = 1
FILE_PREFIX = out
DELAY = 0
SEED = TIME BASED
USAGE: galaxsee [filename]
USAGE:     if no filename is entered input is assumed to be stdin
Model Summary
N = 100
TFINAL = 500.000000
TIMESTEP = 0.500000
INITIAL_V = 0.000000
ROTATION_FACTOR = 0.800000
DRAG_COEFFICIENT = 0.000000
SCALE = 500.000000
MASS = 2000.000000
G = 0.004490
EXPANSION = 0.000000
INT_METHOD = 1
FORCE_METHOD = 1
TREE_RANGE_COEFFICIENT = 1.200000
NGRID = 32
KSIGMA = 2.000000
KNEAR = 1.000000
DISTRIBUTION = 1
DISTRIBUTION_Z_SCALE = 1.000000
ANISOTROPY = 0.010000
POINTSIZE = 0.020000
SRAD_FAC = 5.000000
SOFT_FAC = 0.000000
MPI_SIZE = 1
FILE_PREFIX = out
DELAY = 0
SEED = TIME BASED
USAGE: galaxsee [filename]
USAGE:     if no filename is entered input is assumed to be stdin
Model Summary
N = 100
TFINAL = 500.000000
TIMESTEP = 0.500000
INITIAL_V = 0.000000
ROTATION_FACTOR = 0.800000
DRAG_COEFFICIENT = 0.000000
SCALE = 500.000000
MASS = 2000.000000
G = 0.004490
EXPANSION = 0.000000
INT_METHOD = 1
FORCE_METHOD = 1
TREE_RANGE_COEFFICIENT = 1.200000
NGRID = 32
KSIGMA = 2.000000
KNEAR = 1.000000
DISTRIBUTION = 1
DISTRIBUTION_Z_SCALE = 1.000000
ANISOTROPY = 0.010000
POINTSIZE = 0.020000
SRAD_FAC = 5.000000
SOFT_FAC = 0.000000
MPI_SIZE = 1
FILE_PREFIX = out
DELAY = 0
SEED = TIME BASED
USAGE: galaxsee [filename]
USAGE:     if no filename is entered input is assumed to be stdin
Model Summary
N = 100
TFINAL = 500.000000
TIMESTEP = 0.500000
INITIAL_V = 0.000000
ROTATION_FACTOR = 0.800000
DRAG_COEFFICIENT = 0.000000
SCALE = 500.000000
MASS = 2000.000000
G = 0.004490
EXPANSION = 0.000000
INT_METHOD = 1
FORCE_METHOD = 1
TREE_RANGE_COEFFICIENT = 1.200000
NGRID = 32
KSIGMA = 2.000000
KNEAR = 1.000000
DISTRIBUTION = 1
DISTRIBUTION_Z_SCALE = 1.000000
ANISOTROPY = 0.010000
POINTSIZE = 0.020000
SRAD_FAC = 5.000000
SOFT_FAC = 0.000000
MPI_SIZE = 1
FILE_PREFIX = out
DELAY = 0
SEED = TIME BASED
USAGE: galaxsee [filename]
USAGE:     if no filename is entered input is assumed to be stdin
Model Summary
N = 100
TFINAL = 500.000000
TIMESTEP = 0.500000
INITIAL_V = 0.000000
ROTATION_FACTOR = 0.800000
DRAG_COEFFICIENT = 0.000000
SCALE = 500.000000
MASS = 2000.000000
G = 0.004490
EXPANSION = 0.000000
INT_METHOD = 1
FORCE_METHOD = 1
TREE_RANGE_COEFFICIENT = 1.200000
NGRID = 32
KSIGMA = 2.000000
KNEAR = 1.000000
DISTRIBUTION = 1
DISTRIBUTION_Z_SCALE = 1.000000
ANISOTROPY = 0.010000
POINTSIZE = 0.020000
SRAD_FAC = 5.000000
SOFT_FAC = 0.000000
MPI_SIZE = 1
FILE_PREFIX = out
DELAY = 0
SEED = TIME BASED
USAGE: galaxsee [filename]
USAGE:     if no filename is entered input is assumed to be stdin
Model Summary
N = 100
TFINAL = 500.000000
TIMESTEP = 0.500000
INITIAL_V = 0.000000
ROTATION_FACTOR = 0.800000
DRAG_COEFFICIENT = 0.000000
SCALE = 500.000000
MASS = 2000.000000
G = 0.004490
EXPANSION = 0.000000
INT_METHOD = 1
FORCE_METHOD = 1
TREE_RANGE_COEFFICIENT = 1.200000
NGRID = 32
KSIGMA = 2.000000
KNEAR = 1.000000
DISTRIBUTION = 1
DISTRIBUTION_Z_SCALE = 1.000000
ANISOTROPY = 0.010000
POINTSIZE = 0.020000
SRAD_FAC = 5.000000
SOFT_FAC = 0.000000
MPI_SIZE = 1
FILE_PREFIX = out
DELAY = 0
SEED = TIME BASED
USAGE: galaxsee [filename]
USAGE:     if no filename is entered input is assumed to be stdin
Model Summary
N = 100
TFINAL = 500.000000
TIMESTEP = 0.500000
INITIAL_V = 0.000000
ROTATION_FACTOR = 0.800000
DRAG_COEFFICIENT = 0.000000
SCALE = 500.000000
MASS = 2000.000000
G = 0.004490
EXPANSION = 0.000000
INT_METHOD = 1
FORCE_METHOD = 1
TREE_RANGE_COEFFICIENT = 1.200000
NGRID = 32
KSIGMA = 2.000000
KNEAR = 1.000000
DISTRIBUTION = 1
DISTRIBUTION_Z_SCALE = 1.000000
ANISOTROPY = 0.010000
POINTSIZE = 0.020000
SRAD_FAC = 5.000000
SOFT_FAC = 0.000000
MPI_SIZE = 1
FILE_PREFIX = out
DELAY = 0
SEED = TIME BASED
USAGE: galaxsee [filename]
USAGE:     if no filename is entered input is assumed to be stdin
Model Summary
N = 100
TFINAL = 500.000000
TIMESTEP = 0.500000
INITIAL_V = 0.000000
ROTATION_FACTOR = 0.800000
DRAG_COEFFICIENT = 0.000000
SCALE = 500.000000
MASS = 2000.000000
G = 0.004490
EXPANSION = 0.000000
INT_METHOD = 1
FORCE_METHOD = 1
TREE_RANGE_COEFFICIENT = 1.200000
NGRID = 32
KSIGMA = 2.000000
KNEAR = 1.000000
DISTRIBUTION = 1
DISTRIBUTION_Z_SCALE = 1.000000
ANISOTROPY = 0.010000
POINTSIZE = 0.020000
SRAD_FAC = 5.000000
SOFT_FAC = 0.000000
MPI_SIZE = 1
FILE_PREFIX = out
DELAY = 0
SEED = TIME BASED

Wall Time Elapsed =        0 seconds
Time in Force Calculation, root node =        0 seconds
-------------------------------------------------------
Primary job  terminated normally, but 1 process returned
a non-zero exit code.. Per user-direction, the job has been aborted.
-------------------------------------------------------

Wall Time Elapsed =        0 seconds
Time in Force Calculation, root node =        0 seconds

Wall Time Elapsed =        0 seconds
Time in Force Calculation, root node =        0 seconds
--------------------------------------------------------------------------
mpirun detected that one or more processes exited with non-zero status, thus causing
the job to be terminated. The first process to do so was:

  Process name: [[25837,1],1]
  Exit code:    1
--------------------------------------------------------------------------

real	0m7.494s
user	0m2.261s
sys	0m0.112s
USAGE: galaxsee [filename]
USAGE:     if no filename is entered input is assumed to be stdin
Model Summary
N = 100
TFINAL = 500.000000
TIMESTEP = 0.500000
INITIAL_V = 0.000000
ROTATION_FACTOR = 0.800000
DRAG_COEFFICIENT = 0.000000
SCALE = 500.000000
MASS = 2000.000000
G = 0.004490
EXPANSION = 0.000000
INT_METHOD = 1
FORCE_METHOD = 1
TREE_RANGE_COEFFICIENT = 1.200000
NGRID = 32
KSIGMA = 2.000000
KNEAR = 1.000000
DISTRIBUTION = 1
DISTRIBUTION_Z_SCALE = 1.000000
ANISOTROPY = 0.010000
POINTSIZE = 0.020000
SRAD_FAC = 5.000000
SOFT_FAC = 0.000000
MPI_SIZE = 1
FILE_PREFIX = out
DELAY = 0
SEED = TIME BASED
USAGE: galaxsee [filename]
USAGE:     if no filename is entered input is assumed to be stdin
Model Summary
N = 100
TFINAL = 500.000000
TIMESTEP = 0.500000
INITIAL_V = 0.000000
ROTATION_FACTOR = 0.800000
DRAG_COEFFICIENT = 0.000000
SCALE = 500.000000
MASS = 2000.000000
G = 0.004490
EXPANSION = 0.000000
INT_METHOD = 1
FORCE_METHOD = 1
TREE_RANGE_COEFFICIENT = 1.200000
NGRID = 32
KSIGMA = 2.000000
KNEAR = 1.000000
DISTRIBUTION = 1
DISTRIBUTION_Z_SCALE = 1.000000
ANISOTROPY = 0.010000
POINTSIZE = 0.020000
SRAD_FAC = 5.000000
SOFT_FAC = 0.000000
MPI_SIZE = 1
FILE_PREFIX = out
DELAY = 0
SEED = TIME BASED
USAGE: galaxsee [filename]
USAGE:     if no filename is entered input is assumed to be stdin
Model Summary
N = 100
TFINAL = 500.000000
TIMESTEP = 0.500000
INITIAL_V = 0.000000
ROTATION_FACTOR = 0.800000
DRAG_COEFFICIENT = 0.000000
SCALE = 500.000000
MASS = 2000.000000
G = 0.004490
EXPANSION = 0.000000
INT_METHOD = 1
FORCE_METHOD = 1
TREE_RANGE_COEFFICIENT = 1.200000
NGRID = 32
KSIGMA = 2.000000
KNEAR = 1.000000
DISTRIBUTION = 1
DISTRIBUTION_Z_SCALE = 1.000000
ANISOTROPY = 0.010000
POINTSIZE = 0.020000
SRAD_FAC = 5.000000
SOFT_FAC = 0.000000
MPI_SIZE = 1
FILE_PREFIX = out
DELAY = 0
SEED = TIME BASED
USAGE: galaxsee [filename]
USAGE:     if no filename is entered input is assumed to be stdin
Model Summary
N = 100
TFINAL = 500.000000
TIMESTEP = 0.500000
INITIAL_V = 0.000000
ROTATION_FACTOR = 0.800000
DRAG_COEFFICIENT = 0.000000
SCALE = 500.000000
MASS = 2000.000000
G = 0.004490
EXPANSION = 0.000000
INT_METHOD = 1
FORCE_METHOD = 1
TREE_RANGE_COEFFICIENT = 1.200000
NGRID = 32
KSIGMA = 2.000000
KNEAR = 1.000000
DISTRIBUTION = 1
DISTRIBUTION_Z_SCALE = 1.000000
ANISOTROPY = 0.010000
POINTSIZE = 0.020000
SRAD_FAC = 5.000000
SOFT_FAC = 0.000000
MPI_SIZE = 1
FILE_PREFIX = out
DELAY = 0
SEED = TIME BASED
USAGE: galaxsee [filename]
USAGE:     if no filename is entered input is assumed to be stdin
Model Summary
N = 100
TFINAL = 500.000000
TIMESTEP = 0.500000
INITIAL_V = 0.000000
ROTATION_FACTOR = 0.800000
DRAG_COEFFICIENT = 0.000000
SCALE = 500.000000
MASS = 2000.000000
G = 0.004490
EXPANSION = 0.000000
INT_METHOD = 1
FORCE_METHOD = 1
TREE_RANGE_COEFFICIENT = 1.200000
NGRID = 32
KSIGMA = 2.000000
KNEAR = 1.000000
DISTRIBUTION = 1
DISTRIBUTION_Z_SCALE = 1.000000
ANISOTROPY = 0.010000
POINTSIZE = 0.020000
SRAD_FAC = 5.000000
SOFT_FAC = 0.000000
MPI_SIZE = 1
FILE_PREFIX = out
DELAY = 0
SEED = TIME BASED
USAGE: galaxsee [filename]
USAGE:     if no filename is entered input is assumed to be stdin
Model Summary
N = 100
TFINAL = 500.000000
TIMESTEP = 0.500000
INITIAL_V = 0.000000
ROTATION_FACTOR = 0.800000
DRAG_COEFFICIENT = 0.000000
SCALE = 500.000000
MASS = 2000.000000
G = 0.004490
EXPANSION = 0.000000
INT_METHOD = 1
FORCE_METHOD = 1
TREE_RANGE_COEFFICIENT = 1.200000
NGRID = 32
KSIGMA = 2.000000
KNEAR = 1.000000
DISTRIBUTION = 1
DISTRIBUTION_Z_SCALE = 1.000000
ANISOTROPY = 0.010000
POINTSIZE = 0.020000
SRAD_FAC = 5.000000
SOFT_FAC = 0.000000
MPI_SIZE = 1
FILE_PREFIX = out
DELAY = 0
SEED = TIME BASED
USAGE: galaxsee [filename]
USAGE:     if no filename is entered input is assumed to be stdin
Model Summary
N = 100
TFINAL = 500.000000
TIMESTEP = 0.500000
INITIAL_V = 0.000000
ROTATION_FACTOR = 0.800000
DRAG_COEFFICIENT = 0.000000
SCALE = 500.000000
MASS = 2000.000000
G = 0.004490
EXPANSION = 0.000000
INT_METHOD = 1
FORCE_METHOD = 1
TREE_RANGE_COEFFICIENT = 1.200000
NGRID = 32
KSIGMA = 2.000000
KNEAR = 1.000000
DISTRIBUTION = 1
DISTRIBUTION_Z_SCALE = 1.000000
ANISOTROPY = 0.010000
POINTSIZE = 0.020000
SRAD_FAC = 5.000000
SOFT_FAC = 0.000000
MPI_SIZE = 1
FILE_PREFIX = out
DELAY = 0
SEED = TIME BASED
USAGE: galaxsee [filename]
USAGE:     if no filename is entered input is assumed to be stdin
Model Summary
N = 100
TFINAL = 500.000000
TIMESTEP = 0.500000
INITIAL_V = 0.000000
ROTATION_FACTOR = 0.800000
DRAG_COEFFICIENT = 0.000000
SCALE = 500.000000
MASS = 2000.000000
G = 0.004490
EXPANSION = 0.000000
INT_METHOD = 1
FORCE_METHOD = 1
TREE_RANGE_COEFFICIENT = 1.200000
NGRID = 32
KSIGMA = 2.000000
KNEAR = 1.000000
DISTRIBUTION = 1
DISTRIBUTION_Z_SCALE = 1.000000
ANISOTROPY = 0.010000
POINTSIZE = 0.020000
SRAD_FAC = 5.000000
SOFT_FAC = 0.000000
MPI_SIZE = 1
FILE_PREFIX = out
DELAY = 0
SEED = TIME BASED
USAGE: galaxsee [filename]
USAGE:     if no filename is entered input is assumed to be stdin
Model Summary
N = 100
TFINAL = 500.000000
TIMESTEP = 0.500000
INITIAL_V = 0.000000
ROTATION_FACTOR = 0.800000
DRAG_COEFFICIENT = 0.000000
SCALE = 500.000000
MASS = 2000.000000
G = 0.004490
EXPANSION = 0.000000
INT_METHOD = 1
FORCE_METHOD = 1
TREE_RANGE_COEFFICIENT = 1.200000
NGRID = 32
KSIGMA = 2.000000
KNEAR = 1.000000
DISTRIBUTION = 1
DISTRIBUTION_Z_SCALE = 1.000000
ANISOTROPY = 0.010000
POINTSIZE = 0.020000
SRAD_FAC = 5.000000
SOFT_FAC = 0.000000
MPI_SIZE = 1
FILE_PREFIX = out
DELAY = 0
SEED = TIME BASED
USAGE: galaxsee [filename]
USAGE:     if no filename is entered input is assumed to be stdin
Model Summary
N = 100
TFINAL = 500.000000
TIMESTEP = 0.500000
INITIAL_V = 0.000000
ROTATION_FACTOR = 0.800000
DRAG_COEFFICIENT = 0.000000
SCALE = 500.000000
MASS = 2000.000000
G = 0.004490
EXPANSION = 0.000000
INT_METHOD = 1
FORCE_METHOD = 1
TREE_RANGE_COEFFICIENT = 1.200000
NGRID = 32
KSIGMA = 2.000000
KNEAR = 1.000000
DISTRIBUTION = 1
DISTRIBUTION_Z_SCALE = 1.000000
ANISOTROPY = 0.010000
POINTSIZE = 0.020000
SRAD_FAC = 5.000000
SOFT_FAC = 0.000000
MPI_SIZE = 1
FILE_PREFIX = out
DELAY = 0
SEED = TIME BASED

Wall Time Elapsed =        0 seconds
Time in Force Calculation, root node =        0 seconds

Wall Time Elapsed =        0 seconds
Time in Force Calculation, root node =        0 seconds
-------------------------------------------------------
Primary job  terminated normally, but 1 process returned
a non-zero exit code.. Per user-direction, the job has been aborted.
-------------------------------------------------------

Wall Time Elapsed =        0 seconds
Time in Force Calculation, root node =        0 seconds
--------------------------------------------------------------------------
mpirun detected that one or more processes exited with non-zero status, thus causing
the job to be terminated. The first process to do so was:

  Process name: [[25753,1],0]
  Exit code:    1
--------------------------------------------------------------------------

real	0m1.665s
user	0m2.238s
sys	0m0.133s
USAGE: galaxsee [filename]
USAGE:     if no filename is entered input is assumed to be stdin
Model Summary
N = 100
TFINAL = 500.000000
TIMESTEP = 0.500000
INITIAL_V = 0.000000
ROTATION_FACTOR = 0.800000
DRAG_COEFFICIENT = 0.000000
SCALE = 500.000000
MASS = 2000.000000
G = 0.004490
EXPANSION = 0.000000
INT_METHOD = 1
FORCE_METHOD = 1
TREE_RANGE_COEFFICIENT = 1.200000
NGRID = 32
KSIGMA = 2.000000
KNEAR = 1.000000
DISTRIBUTION = 1
DISTRIBUTION_Z_SCALE = 1.000000
ANISOTROPY = 0.010000
POINTSIZE = 0.020000
SRAD_FAC = 5.000000
SOFT_FAC = 0.000000
MPI_SIZE = 1
FILE_PREFIX = out
DELAY = 0
SEED = TIME BASED
USAGE: galaxsee [filename]
USAGE:     if no filename is entered input is assumed to be stdin
Model Summary
N = 100
TFINAL = 500.000000
TIMESTEP = 0.500000
INITIAL_V = 0.000000
ROTATION_FACTOR = 0.800000
DRAG_COEFFICIENT = 0.000000
SCALE = 500.000000
MASS = 2000.000000
G = 0.004490
EXPANSION = 0.000000
INT_METHOD = 1
FORCE_METHOD = 1
TREE_RANGE_COEFFICIENT = 1.200000
NGRID = 32
KSIGMA = 2.000000
KNEAR = 1.000000
DISTRIBUTION = 1
DISTRIBUTION_Z_SCALE = 1.000000
ANISOTROPY = 0.010000
POINTSIZE = 0.020000
SRAD_FAC = 5.000000
SOFT_FAC = 0.000000
MPI_SIZE = 1
FILE_PREFIX = out
DELAY = 0
SEED = TIME BASED
USAGE: galaxsee [filename]
USAGE:     if no filename is entered input is assumed to be stdin
Model Summary
N = 100
TFINAL = 500.000000
TIMESTEP = 0.500000
INITIAL_V = 0.000000
ROTATION_FACTOR = 0.800000
DRAG_COEFFICIENT = 0.000000
SCALE = 500.000000
MASS = 2000.000000
G = 0.004490
EXPANSION = 0.000000
INT_METHOD = 1
FORCE_METHOD = 1
TREE_RANGE_COEFFICIENT = 1.200000
NGRID = 32
KSIGMA = 2.000000
KNEAR = 1.000000
DISTRIBUTION = 1
DISTRIBUTION_Z_SCALE = 1.000000
ANISOTROPY = 0.010000
POINTSIZE = 0.020000
SRAD_FAC = 5.000000
SOFT_FAC = 0.000000
MPI_SIZE = 1
FILE_PREFIX = out
DELAY = 0
SEED = TIME BASED
USAGE: galaxsee [filename]
USAGE:     if no filename is entered input is assumed to be stdin
Model Summary
N = 100
TFINAL = 500.000000
TIMESTEP = 0.500000
INITIAL_V = 0.000000
ROTATION_FACTOR = 0.800000
DRAG_COEFFICIENT = 0.000000
SCALE = 500.000000
MASS = 2000.000000
G = 0.004490
EXPANSION = 0.000000
INT_METHOD = 1
FORCE_METHOD = 1
TREE_RANGE_COEFFICIENT = 1.200000
NGRID = 32
KSIGMA = 2.000000
KNEAR = 1.000000
DISTRIBUTION = 1
DISTRIBUTION_Z_SCALE = 1.000000
ANISOTROPY = 0.010000
POINTSIZE = 0.020000
SRAD_FAC = 5.000000
SOFT_FAC = 0.000000
MPI_SIZE = 1
FILE_PREFIX = out
DELAY = 0
SEED = TIME BASED
USAGE: galaxsee [filename]
USAGE:     if no filename is entered input is assumed to be stdin
Model Summary
N = 100
TFINAL = 500.000000
TIMESTEP = 0.500000
INITIAL_V = 0.000000
ROTATION_FACTOR = 0.800000
DRAG_COEFFICIENT = 0.000000
SCALE = 500.000000
MASS = 2000.000000
G = 0.004490
EXPANSION = 0.000000
INT_METHOD = 1
FORCE_METHOD = 1
TREE_RANGE_COEFFICIENT = 1.200000
NGRID = 32
KSIGMA = 2.000000
KNEAR = 1.000000
DISTRIBUTION = 1
DISTRIBUTION_Z_SCALE = 1.000000
ANISOTROPY = 0.010000
POINTSIZE = 0.020000
SRAD_FAC = 5.000000
SOFT_FAC = 0.000000
MPI_SIZE = 1
FILE_PREFIX = out
DELAY = 0
SEED = TIME BASED

Wall Time Elapsed =        0 seconds
Time in Force Calculation, root node =        0 seconds
-------------------------------------------------------
Primary job  terminated normally, but 1 process returned
a non-zero exit code.. Per user-direction, the job has been aborted.
-------------------------------------------------------

Wall Time Elapsed =        1 seconds
Time in Force Calculation, root node =        0 seconds
--------------------------------------------------------------------------
mpirun detected that one or more processes exited with non-zero status, thus causing
the job to be terminated. The first process to do so was:

  Process name: [[26448,1],0]
  Exit code:    1
--------------------------------------------------------------------------

real	0m0.646s
user	0m1.144s
sys	0m0.094s
USAGE: galaxsee [filename]
USAGE:     if no filename is entered input is assumed to be stdin
Model Summary
N = 100
TFINAL = 500.000000
TIMESTEP = 0.500000
INITIAL_V = 0.000000
ROTATION_FACTOR = 0.800000
DRAG_COEFFICIENT = 0.000000
SCALE = 500.000000
MASS = 2000.000000
G = 0.004490
EXPANSION = 0.000000
INT_METHOD = 1
FORCE_METHOD = 1
TREE_RANGE_COEFFICIENT = 1.200000
NGRID = 32
KSIGMA = 2.000000
KNEAR = 1.000000
DISTRIBUTION = 1
DISTRIBUTION_Z_SCALE = 1.000000
ANISOTROPY = 0.010000
POINTSIZE = 0.020000
SRAD_FAC = 5.000000
SOFT_FAC = 0.000000
MPI_SIZE = 1
FILE_PREFIX = out
DELAY = 0
SEED = TIME BASED

Wall Time Elapsed =        0 seconds
Time in Force Calculation, root node =        0 seconds
-------------------------------------------------------
Primary job  terminated normally, but 1 process returned
a non-zero exit code.. Per user-direction, the job has been aborted.
-------------------------------------------------------
--------------------------------------------------------------------------
mpirun detected that one or more processes exited with non-zero status, thus causing
the job to be terminated. The first process to do so was:

  Process name: [[26506,1],0]
  Exit code:    1
--------------------------------------------------------------------------

real	0m3.498s
user	0m0.248s
sys	0m0.367s
JobId=5009375 JobName=Galaxsee
   UserId=colbrydi(390633) GroupId=cmse(2362) MCS_label=N/A
   Priority=467398 Nice=0 Account=colbrydi QOS=normal
   JobState=RUNNING Reason=None Dependency=(null)
   Requeue=0 Restarts=0 BatchFlag=1 Reboot=0 ExitCode=0:0
   RunTime=00:00:42 TimeLimit=00:10:00 TimeMin=N/A
   SubmitTime=2018-12-20T11:50:39 EligibleTime=2018-12-20T11:50:39
   AccrueTime=2018-12-20T11:50:39
   StartTime=2018-12-20T11:50:39 EndTime=2018-12-20T12:00:39 Deadline=N/A
   PreemptTime=None SuspendTime=None SecsPreSuspend=0
   LastSchedEval=2018-12-20T11:50:39
   Partition=general-long AllocNode:Sid=dev-intel14-k20:49570
   ReqNodeList=(null) ExcNodeList=(null)
   NodeList=lac-[225,228,233-234]
   BatchHost=lac-225
   NumNodes=4 NumCPUs=40 NumTasks=40 CPUs/Task=1 ReqB:S:C:T=0:0:*:*
   TRES=cpu=40,mem=40G,node=4,billing=6225
   Socks/Node=* NtasksPerN:B:S:C=0:0:*:* CoreSpec=*
   MinCPUsNode=1 MinMemoryNode=10G MinTmpDiskNode=0
   Features=[intel11|intel14|intel16|intel18] DelayBoot=00:00:00
   OverSubscribe=OK Contiguous=0 Licenses=(null) Network=(null)
   Command=/mnt/home/colbrydi/_CMSE401/bccd/GalaxSee-v2/GalaxSee.sb
   WorkDir=/mnt/home/colbrydi/_CMSE401/bccd/GalaxSee-v2
   Comment=stdout=/mnt/home/colbrydi/_CMSE401/bccd/GalaxSee-v2/slurm-5009371.out 
   StdErr=/mnt/home/colbrydi/_CMSE401/bccd/GalaxSee-v2/slurm-5009375.out
   StdIn=/dev/null
   StdOut=/mnt/home/colbrydi/_CMSE401/bccd/GalaxSee-v2/slurm-5009375.out
   Power=

